mode: set
github.com/Salvionied/apollo/apollotypes/plutus.go:56.39,57.43 1 0
github.com/Salvionied/apollo/apollotypes/plutus.go:57.43,58.30 1 0
github.com/Salvionied/apollo/apollotypes/plutus.go:58.30,60.18 2 0
github.com/Salvionied/apollo/apollotypes/plutus.go:60.18,62.5 1 0
github.com/Salvionied/apollo/apollotypes/plutus.go:63.4,64.25 2 0
github.com/Salvionied/apollo/apollotypes/plutus.go:67.2,67.44 1 0
github.com/Salvionied/apollo/apollotypes/types.go:41.60,43.2 1 0
github.com/Salvionied/apollo/apollotypes/types.go:61.47,63.2 1 0
github.com/Salvionied/apollo/apollotypes/types.go:75.63,78.2 2 0
github.com/Salvionied/apollo/apollotypes/types.go:80.63,83.2 2 0
github.com/Salvionied/apollo/apollotypes/types.go:107.62,110.2 2 0
github.com/Salvionied/apollo/apollotypes/types.go:112.62,115.2 2 0
github.com/Salvionied/apollo/apollotypes/types.go:125.59,127.2 1 0
github.com/Salvionied/apollo/apollotypes/types.go:153.47,157.46 3 0
github.com/Salvionied/apollo/apollotypes/types.go:157.46,167.3 2 0
github.com/Salvionied/apollo/apollotypes/types.go:169.2,170.46 1 0
github.com/Salvionied/apollo/apollotypes/types.go:170.46,180.3 2 0
github.com/Salvionied/apollo/apollotypes/types.go:182.2,182.20 1 0
github.com/Salvionied/apollo/apollotypes/types.go:188.8,189.33 1 0
github.com/Salvionied/apollo/apollotypes/types.go:189.33,193.29 2 0
github.com/Salvionied/apollo/apollotypes/types.go:193.29,195.4 1 0
github.com/Salvionied/apollo/apollotypes/types.go:197.2,197.14 1 0
github.com/Salvionied/apollo/apollotypes/types.go:203.8,204.66 1 0
github.com/Salvionied/apollo/apollotypes/types.go:204.66,206.3 1 0
github.com/Salvionied/apollo/apollotypes/types.go:207.2,207.14 1 0
github.com/Salvionied/apollo/apollotypes/types.go:213.8,215.44 2 0
github.com/Salvionied/apollo/apollotypes/types.go:215.44,216.64 1 0
github.com/Salvionied/apollo/apollotypes/types.go:216.64,218.70 1 0
github.com/Salvionied/apollo/apollotypes/types.go:218.70,220.5 1 0
github.com/Salvionied/apollo/apollotypes/types.go:221.4,221.69 1 0
github.com/Salvionied/apollo/apollotypes/types.go:221.69,223.5 1 0
github.com/Salvionied/apollo/apollotypes/types.go:224.4,227.6 1 0
github.com/Salvionied/apollo/apollotypes/types.go:227.6,229.5 1 0
github.com/Salvionied/apollo/apollotypes/types.go:230.4,233.6 1 0
github.com/Salvionied/apollo/apollotypes/types.go:233.6,235.5 1 0
github.com/Salvionied/apollo/apollotypes/types.go:237.4,237.38 1 0
github.com/Salvionied/apollo/apollotypes/types.go:238.38,239.40 1 0
github.com/Salvionied/apollo/apollotypes/types.go:239.40,241.6 1 0
github.com/Salvionied/apollo/apollotypes/types.go:242.5,242.50 1 0
github.com/Salvionied/apollo/apollotypes/types.go:242.50,243.26 1 0
github.com/Salvionied/apollo/apollotypes/types.go:243.26,245.7 1 0
github.com/Salvionied/apollo/apollotypes/types.go:247.36,248.36 1 0
github.com/Salvionied/apollo/apollotypes/types.go:248.36,250.6 1 0
github.com/Salvionied/apollo/apollotypes/types.go:251.37,252.36 1 0
github.com/Salvionied/apollo/apollotypes/types.go:252.36,254.6 1 0
github.com/Salvionied/apollo/apollotypes/types.go:255.40,256.36 1 0
github.com/Salvionied/apollo/apollotypes/types.go:256.36,258.6 1 0
github.com/Salvionied/apollo/apollotypes/types.go:259.39,260.36 1 0
github.com/Salvionied/apollo/apollotypes/types.go:260.36,262.6 1 0
github.com/Salvionied/apollo/apollotypes/types.go:263.43,264.36 1 0
github.com/Salvionied/apollo/apollotypes/types.go:264.36,266.6 1 0
github.com/Salvionied/apollo/apollotypes/types.go:270.2,270.43 1 0
github.com/Salvionied/apollo/apollotypes/types.go:270.43,271.59 1 0
github.com/Salvionied/apollo/apollotypes/types.go:271.59,273.50 2 0
github.com/Salvionied/apollo/apollotypes/types.go:273.50,275.5 1 0
github.com/Salvionied/apollo/apollotypes/types.go:278.2,278.66 1 0
github.com/Salvionied/apollo/apollotypes/types.go:278.66,280.3 1 0
github.com/Salvionied/apollo/apollotypes/types.go:281.2,281.70 1 0
github.com/Salvionied/apollo/apollotypes/types.go:281.70,282.54 1 0
github.com/Salvionied/apollo/apollotypes/types.go:282.54,284.4 1 0
github.com/Salvionied/apollo/apollotypes/types.go:287.2,287.14 1 0
github.com/Salvionied/apollo/serialization/Withdrawal/Withdrawal.go:9.23,12.2 2 0
github.com/Salvionied/apollo/serialization/Withdrawal/Withdrawal.go:14.67,16.12 2 0
github.com/Salvionied/apollo/serialization/Withdrawal/Withdrawal.go:16.12,21.3 1 0
github.com/Salvionied/apollo/serialization/Withdrawal/Withdrawal.go:22.2,23.12 2 0
github.com/Salvionied/apollo/serialization/Withdrawal/Withdrawal.go:26.33,28.2 1 0
github.com/Salvionied/apollo/crypto/bech32/crypto.go:19.50,28.27 1 0
github.com/Salvionied/apollo/crypto/bech32/crypto.go:28.27,29.36 1 0
github.com/Salvionied/apollo/crypto/bech32/crypto.go:29.36,32.4 1 0
github.com/Salvionied/apollo/crypto/bech32/crypto.go:36.2,38.36 3 0
github.com/Salvionied/apollo/crypto/bech32/crypto.go:38.36,41.3 1 0
github.com/Salvionied/apollo/crypto/bech32/crypto.go:44.2,51.34 3 0
github.com/Salvionied/apollo/crypto/bech32/crypto.go:51.34,53.3 1 0
github.com/Salvionied/apollo/crypto/bech32/crypto.go:56.2,62.16 4 0
github.com/Salvionied/apollo/crypto/bech32/crypto.go:62.16,65.3 1 0
github.com/Salvionied/apollo/crypto/bech32/crypto.go:67.2,67.41 1 0
github.com/Salvionied/apollo/crypto/bech32/crypto.go:67.41,72.17 4 0
github.com/Salvionied/apollo/crypto/bech32/crypto.go:72.17,75.4 1 0
github.com/Salvionied/apollo/crypto/bech32/crypto.go:76.3,76.62 1 0
github.com/Salvionied/apollo/crypto/bech32/crypto.go:80.2,80.43 1 0
github.com/Salvionied/apollo/crypto/bech32/crypto.go:86.54,95.16 4 0
github.com/Salvionied/apollo/crypto/bech32/crypto.go:95.16,98.3 1 0
github.com/Salvionied/apollo/crypto/bech32/crypto.go:99.2,99.35 1 0
github.com/Salvionied/apollo/crypto/bech32/crypto.go:104.44,106.28 2 0
github.com/Salvionied/apollo/crypto/bech32/crypto.go:106.28,108.16 2 0
github.com/Salvionied/apollo/crypto/bech32/crypto.go:108.16,111.4 1 0
github.com/Salvionied/apollo/crypto/bech32/crypto.go:112.3,112.41 1 0
github.com/Salvionied/apollo/crypto/bech32/crypto.go:114.2,114.21 1 0
github.com/Salvionied/apollo/crypto/bech32/crypto.go:119.43,121.25 2 0
github.com/Salvionied/apollo/crypto/bech32/crypto.go:121.25,122.29 1 0
github.com/Salvionied/apollo/crypto/bech32/crypto.go:122.29,124.4 1 0
github.com/Salvionied/apollo/crypto/bech32/crypto.go:125.3,125.38 1 0
github.com/Salvionied/apollo/crypto/bech32/crypto.go:127.2,127.28 1 0
github.com/Salvionied/apollo/crypto/bech32/crypto.go:136.19,137.62 1 0
github.com/Salvionied/apollo/crypto/bech32/crypto.go:137.62,139.3 1 0
github.com/Salvionied/apollo/crypto/bech32/crypto.go:142.2,149.25 4 0
github.com/Salvionied/apollo/crypto/bech32/crypto.go:149.25,156.23 3 0
github.com/Salvionied/apollo/crypto/bech32/crypto.go:156.23,176.28 7 0
github.com/Salvionied/apollo/crypto/bech32/crypto.go:176.28,180.5 3 0
github.com/Salvionied/apollo/crypto/bech32/crypto.go:185.2,185.27 1 0
github.com/Salvionied/apollo/crypto/bech32/crypto.go:185.27,190.3 4 0
github.com/Salvionied/apollo/crypto/bech32/crypto.go:193.2,193.57 1 0
github.com/Salvionied/apollo/crypto/bech32/crypto.go:193.57,195.3 1 0
github.com/Salvionied/apollo/crypto/bech32/crypto.go:197.2,197.23 1 0
github.com/Salvionied/apollo/crypto/bech32/crypto.go:201.53,205.25 2 0
github.com/Salvionied/apollo/crypto/bech32/crypto.go:205.25,207.3 1 0
github.com/Salvionied/apollo/crypto/bech32/crypto.go:208.2,212.19 5 0
github.com/Salvionied/apollo/crypto/bech32/crypto.go:212.19,214.3 1 0
github.com/Salvionied/apollo/crypto/bech32/crypto.go:215.2,215.12 1 0
github.com/Salvionied/apollo/crypto/bech32/crypto.go:219.38,221.27 2 0
github.com/Salvionied/apollo/crypto/bech32/crypto.go:221.27,224.20 3 0
github.com/Salvionied/apollo/crypto/bech32/crypto.go:224.20,225.27 1 0
github.com/Salvionied/apollo/crypto/bech32/crypto.go:225.27,227.5 1 0
github.com/Salvionied/apollo/crypto/bech32/crypto.go:230.2,230.12 1 0
github.com/Salvionied/apollo/crypto/bech32/crypto.go:234.40,236.26 2 0
github.com/Salvionied/apollo/crypto/bech32/crypto.go:236.26,238.3 1 0
github.com/Salvionied/apollo/crypto/bech32/crypto.go:239.2,240.26 2 0
github.com/Salvionied/apollo/crypto/bech32/crypto.go:240.26,242.3 1 0
github.com/Salvionied/apollo/crypto/bech32/crypto.go:243.2,243.10 1 0
github.com/Salvionied/apollo/crypto/bech32/crypto.go:247.57,249.25 2 0
github.com/Salvionied/apollo/crypto/bech32/crypto.go:249.25,251.3 1 0
github.com/Salvionied/apollo/crypto/bech32/crypto.go:252.2,253.35 2 0
github.com/Salvionied/apollo/crypto/edwards25519/edwards25519.go:20.31,22.2 1 0
github.com/Salvionied/apollo/crypto/edwards25519/edwards25519.go:24.30,27.2 2 0
github.com/Salvionied/apollo/crypto/edwards25519/edwards25519.go:29.37,40.2 10 0
github.com/Salvionied/apollo/crypto/edwards25519/edwards25519.go:42.37,53.2 10 0
github.com/Salvionied/apollo/crypto/edwards25519/edwards25519.go:55.37,57.2 1 0
github.com/Salvionied/apollo/crypto/edwards25519/edwards25519.go:63.43,75.2 11 0
github.com/Salvionied/apollo/crypto/edwards25519/edwards25519.go:77.29,83.2 5 0
github.com/Salvionied/apollo/crypto/edwards25519/edwards25519.go:85.29,92.2 6 0
github.com/Salvionied/apollo/crypto/edwards25519/edwards25519.go:94.52,107.2 11 0
github.com/Salvionied/apollo/crypto/edwards25519/edwards25519.go:134.46,221.2 74 0
github.com/Salvionied/apollo/crypto/edwards25519/edwards25519.go:223.41,227.2 3 0
github.com/Salvionied/apollo/crypto/edwards25519/edwards25519.go:229.41,233.22 4 0
github.com/Salvionied/apollo/crypto/edwards25519/edwards25519.go:233.22,235.3 1 0
github.com/Salvionied/apollo/crypto/edwards25519/edwards25519.go:236.2,239.21 4 0
github.com/Salvionied/apollo/crypto/edwards25519/edwards25519.go:251.32,262.2 10 0
github.com/Salvionied/apollo/crypto/edwards25519/edwards25519.go:264.79,351.2 47 0
github.com/Salvionied/apollo/crypto/edwards25519/edwards25519.go:382.35,433.2 45 0
github.com/Salvionied/apollo/crypto/edwards25519/edwards25519.go:435.79,472.2 34 0
github.com/Salvionied/apollo/crypto/edwards25519/edwards25519.go:483.35,486.2 2 0
github.com/Salvionied/apollo/crypto/edwards25519/edwards25519.go:501.36,516.2 12 0
github.com/Salvionied/apollo/crypto/edwards25519/edwards25519.go:518.37,524.24 5 0
github.com/Salvionied/apollo/crypto/edwards25519/edwards25519.go:524.24,526.3 1 0
github.com/Salvionied/apollo/crypto/edwards25519/edwards25519.go:527.2,532.24 6 0
github.com/Salvionied/apollo/crypto/edwards25519/edwards25519.go:532.24,534.3 1 0
github.com/Salvionied/apollo/crypto/edwards25519/edwards25519.go:535.2,537.25 3 0
github.com/Salvionied/apollo/crypto/edwards25519/edwards25519.go:537.25,539.3 1 0
github.com/Salvionied/apollo/crypto/edwards25519/edwards25519.go:540.2,542.25 3 0
github.com/Salvionied/apollo/crypto/edwards25519/edwards25519.go:542.25,544.3 1 0
github.com/Salvionied/apollo/crypto/edwards25519/edwards25519.go:545.2,547.25 3 0
github.com/Salvionied/apollo/crypto/edwards25519/edwards25519.go:547.25,549.3 1 0
github.com/Salvionied/apollo/crypto/edwards25519/edwards25519.go:550.2,552.25 3 0
github.com/Salvionied/apollo/crypto/edwards25519/edwards25519.go:552.25,554.3 1 0
github.com/Salvionied/apollo/crypto/edwards25519/edwards25519.go:555.2,557.26 3 0
github.com/Salvionied/apollo/crypto/edwards25519/edwards25519.go:557.26,559.3 1 0
github.com/Salvionied/apollo/crypto/edwards25519/edwards25519.go:560.2,562.25 3 0
github.com/Salvionied/apollo/crypto/edwards25519/edwards25519.go:562.25,564.3 1 0
github.com/Salvionied/apollo/crypto/edwards25519/edwards25519.go:565.2,567.24 3 0
github.com/Salvionied/apollo/crypto/edwards25519/edwards25519.go:567.24,569.3 1 0
github.com/Salvionied/apollo/crypto/edwards25519/edwards25519.go:570.2,570.22 1 0
github.com/Salvionied/apollo/crypto/edwards25519/edwards25519.go:573.39,578.24 4 0
github.com/Salvionied/apollo/crypto/edwards25519/edwards25519.go:578.24,580.3 1 0
github.com/Salvionied/apollo/crypto/edwards25519/edwards25519.go:581.2,582.24 2 0
github.com/Salvionied/apollo/crypto/edwards25519/edwards25519.go:582.24,584.3 1 0
github.com/Salvionied/apollo/crypto/edwards25519/edwards25519.go:585.2,588.24 4 0
github.com/Salvionied/apollo/crypto/edwards25519/edwards25519.go:588.24,590.3 1 0
github.com/Salvionied/apollo/crypto/edwards25519/edwards25519.go:591.2,593.24 3 0
github.com/Salvionied/apollo/crypto/edwards25519/edwards25519.go:593.24,595.3 1 0
github.com/Salvionied/apollo/crypto/edwards25519/edwards25519.go:596.2,598.25 3 0
github.com/Salvionied/apollo/crypto/edwards25519/edwards25519.go:598.25,600.3 1 0
github.com/Salvionied/apollo/crypto/edwards25519/edwards25519.go:601.2,603.25 3 0
github.com/Salvionied/apollo/crypto/edwards25519/edwards25519.go:603.25,605.3 1 0
github.com/Salvionied/apollo/crypto/edwards25519/edwards25519.go:606.2,608.25 3 0
github.com/Salvionied/apollo/crypto/edwards25519/edwards25519.go:608.25,610.3 1 0
github.com/Salvionied/apollo/crypto/edwards25519/edwards25519.go:611.2,613.25 3 0
github.com/Salvionied/apollo/crypto/edwards25519/edwards25519.go:613.25,615.3 1 0
github.com/Salvionied/apollo/crypto/edwards25519/edwards25519.go:616.2,618.26 3 0
github.com/Salvionied/apollo/crypto/edwards25519/edwards25519.go:618.26,620.3 1 0
github.com/Salvionied/apollo/crypto/edwards25519/edwards25519.go:621.2,623.25 3 0
github.com/Salvionied/apollo/crypto/edwards25519/edwards25519.go:623.25,625.3 1 0
github.com/Salvionied/apollo/crypto/edwards25519/edwards25519.go:626.2,628.24 3 0
github.com/Salvionied/apollo/crypto/edwards25519/edwards25519.go:628.24,630.3 1 0
github.com/Salvionied/apollo/crypto/edwards25519/edwards25519.go:631.2,631.20 1 0
github.com/Salvionied/apollo/crypto/edwards25519/edwards25519.go:663.41,667.2 3 0
github.com/Salvionied/apollo/crypto/edwards25519/edwards25519.go:669.67,681.2 10 0
github.com/Salvionied/apollo/crypto/edwards25519/edwards25519.go:683.55,691.2 6 0
github.com/Salvionied/apollo/crypto/edwards25519/edwards25519.go:693.39,698.2 4 0
github.com/Salvionied/apollo/crypto/edwards25519/edwards25519.go:700.65,704.2 3 0
github.com/Salvionied/apollo/crypto/edwards25519/edwards25519.go:706.64,711.2 4 0
github.com/Salvionied/apollo/crypto/edwards25519/edwards25519.go:713.72,717.2 3 0
github.com/Salvionied/apollo/crypto/edwards25519/edwards25519.go:719.53,727.2 6 0
github.com/Salvionied/apollo/crypto/edwards25519/edwards25519.go:729.60,754.30 20 0
github.com/Salvionied/apollo/crypto/edwards25519/edwards25519.go:754.30,756.31 2 0
github.com/Salvionied/apollo/crypto/edwards25519/edwards25519.go:756.31,758.4 1 0
github.com/Salvionied/apollo/crypto/edwards25519/edwards25519.go:759.3,762.26 3 0
github.com/Salvionied/apollo/crypto/edwards25519/edwards25519.go:762.26,764.4 1 0
github.com/Salvionied/apollo/crypto/edwards25519/edwards25519.go:767.2,767.40 1 0
github.com/Salvionied/apollo/crypto/edwards25519/edwards25519.go:767.40,769.3 1 0
github.com/Salvionied/apollo/crypto/edwards25519/edwards25519.go:771.2,772.13 2 0
github.com/Salvionied/apollo/crypto/edwards25519/edwards25519.go:775.73,779.2 3 0
github.com/Salvionied/apollo/crypto/edwards25519/edwards25519.go:781.69,786.2 4 0
github.com/Salvionied/apollo/crypto/edwards25519/edwards25519.go:788.42,792.2 3 0
github.com/Salvionied/apollo/crypto/edwards25519/edwards25519.go:798.3,812.2 12 0
github.com/Salvionied/apollo/crypto/edwards25519/edwards25519.go:818.3,832.2 12 0
github.com/Salvionied/apollo/crypto/edwards25519/edwards25519.go:838.3,851.2 11 0
github.com/Salvionied/apollo/crypto/edwards25519/edwards25519.go:857.3,870.2 11 0
github.com/Salvionied/apollo/crypto/edwards25519/edwards25519.go:872.39,873.19 1 0
github.com/Salvionied/apollo/crypto/edwards25519/edwards25519.go:873.19,875.3 1 0
github.com/Salvionied/apollo/crypto/edwards25519/edwards25519.go:877.2,877.19 1 0
github.com/Salvionied/apollo/crypto/edwards25519/edwards25519.go:877.19,878.16 1 0
github.com/Salvionied/apollo/crypto/edwards25519/edwards25519.go:878.16,879.41 1 0
github.com/Salvionied/apollo/crypto/edwards25519/edwards25519.go:879.41,880.20 1 0
github.com/Salvionied/apollo/crypto/edwards25519/edwards25519.go:880.20,881.38 1 0
github.com/Salvionied/apollo/crypto/edwards25519/edwards25519.go:881.38,884.7 2 0
github.com/Salvionied/apollo/crypto/edwards25519/edwards25519.go:884.12,884.46 1 0
github.com/Salvionied/apollo/crypto/edwards25519/edwards25519.go:884.46,886.36 2 0
github.com/Salvionied/apollo/crypto/edwards25519/edwards25519.go:886.36,887.21 1 0
github.com/Salvionied/apollo/crypto/edwards25519/edwards25519.go:887.21,889.14 2 0
github.com/Salvionied/apollo/crypto/edwards25519/edwards25519.go:891.8,891.16 1 0
github.com/Salvionied/apollo/crypto/edwards25519/edwards25519.go:893.12,894.12 1 0
github.com/Salvionied/apollo/crypto/edwards25519/edwards25519.go:911.3,925.19 11 0
github.com/Salvionied/apollo/crypto/edwards25519/edwards25519.go:925.19,929.3 3 0
github.com/Salvionied/apollo/crypto/edwards25519/edwards25519.go:931.2,933.27 2 0
github.com/Salvionied/apollo/crypto/edwards25519/edwards25519.go:933.27,934.39 1 0
github.com/Salvionied/apollo/crypto/edwards25519/edwards25519.go:934.39,935.9 1 0
github.com/Salvionied/apollo/crypto/edwards25519/edwards25519.go:939.2,939.20 1 0
github.com/Salvionied/apollo/crypto/edwards25519/edwards25519.go:939.20,942.20 2 0
github.com/Salvionied/apollo/crypto/edwards25519/edwards25519.go:942.20,945.4 2 0
github.com/Salvionied/apollo/crypto/edwards25519/edwards25519.go:945.9,945.27 1 0
github.com/Salvionied/apollo/crypto/edwards25519/edwards25519.go:945.27,948.4 2 0
github.com/Salvionied/apollo/crypto/edwards25519/edwards25519.go:950.3,950.20 1 0
github.com/Salvionied/apollo/crypto/edwards25519/edwards25519.go:950.20,953.4 2 0
github.com/Salvionied/apollo/crypto/edwards25519/edwards25519.go:953.9,953.27 1 0
github.com/Salvionied/apollo/crypto/edwards25519/edwards25519.go:953.27,956.4 2 0
github.com/Salvionied/apollo/crypto/edwards25519/edwards25519.go:958.3,958.20 1 0
github.com/Salvionied/apollo/crypto/edwards25519/edwards25519.go:964.30,968.2 3 0
github.com/Salvionied/apollo/crypto/edwards25519/edwards25519.go:971.30,973.2 1 0
github.com/Salvionied/apollo/crypto/edwards25519/edwards25519.go:975.75,979.2 3 0
github.com/Salvionied/apollo/crypto/edwards25519/edwards25519.go:981.66,987.26 5 0
github.com/Salvionied/apollo/crypto/edwards25519/edwards25519.go:987.26,989.3 1 0
github.com/Salvionied/apollo/crypto/edwards25519/edwards25519.go:990.2,993.53 4 0
github.com/Salvionied/apollo/crypto/edwards25519/edwards25519.go:1004.61,1007.22 2 0
github.com/Salvionied/apollo/crypto/edwards25519/edwards25519.go:1007.22,1010.3 2 0
github.com/Salvionied/apollo/crypto/edwards25519/edwards25519.go:1014.2,1015.20 2 0
github.com/Salvionied/apollo/crypto/edwards25519/edwards25519.go:1015.20,1019.3 3 0
github.com/Salvionied/apollo/crypto/edwards25519/edwards25519.go:1020.2,1026.36 5 0
github.com/Salvionied/apollo/crypto/edwards25519/edwards25519.go:1026.36,1030.3 3 0
github.com/Salvionied/apollo/crypto/edwards25519/edwards25519.go:1032.2,1043.36 10 0
github.com/Salvionied/apollo/crypto/edwards25519/edwards25519.go:1043.36,1047.3 3 0
github.com/Salvionied/apollo/crypto/edwards25519/edwards25519.go:1062.37,1485.2 398 0
github.com/Salvionied/apollo/crypto/edwards25519/edwards25519.go:1495.43,1811.2 293 0
github.com/Salvionied/apollo/crypto/edwards25519/edwards25519.go:1823.39,1824.20 1 0
github.com/Salvionied/apollo/crypto/edwards25519/edwards25519.go:1824.20,1826.19 2 0
github.com/Salvionied/apollo/crypto/edwards25519/edwards25519.go:1826.19,1828.4 1 0
github.com/Salvionied/apollo/crypto/edwards25519/edwards25519.go:1828.9,1828.26 1 0
github.com/Salvionied/apollo/crypto/edwards25519/edwards25519.go:1828.26,1829.9 1 0
github.com/Salvionied/apollo/crypto/edwards25519/edwards25519.go:1830.9,1830.20 1 0
github.com/Salvionied/apollo/crypto/edwards25519/edwards25519.go:1830.20,1832.4 1 0
github.com/Salvionied/apollo/crypto/edwards25519/edwards25519.go:1835.2,1835.13 1 0
github.com/Salvionied/apollo/crypto/edwards25519/verify.go:14.40,15.51 1 0
github.com/Salvionied/apollo/crypto/edwards25519/verify.go:15.51,17.3 1 0
github.com/Salvionied/apollo/crypto/edwards25519/verify.go:19.2,22.35 4 0
github.com/Salvionied/apollo/crypto/edwards25519/verify.go:22.35,24.3 1 0
github.com/Salvionied/apollo/crypto/edwards25519/verify.go:25.2,44.20 14 0
github.com/Salvionied/apollo/crypto/edwards25519/verify.go:44.20,46.3 1 0
github.com/Salvionied/apollo/crypto/edwards25519/verify.go:48.2,52.41 4 0
github.com/Salvionied/apollo/serialization/common.go:28.47,30.16 2 0
github.com/Salvionied/apollo/serialization/common.go:30.16,32.3 1 0
github.com/Salvionied/apollo/serialization/common.go:33.2,34.16 2 0
github.com/Salvionied/apollo/serialization/common.go:34.16,36.3 1 0
github.com/Salvionied/apollo/serialization/common.go:37.2,37.27 1 0
github.com/Salvionied/apollo/serialization/common.go:55.62,58.2 2 0
github.com/Salvionied/apollo/serialization/common.go:69.59,71.2 1 0
github.com/Salvionied/apollo/serialization/common.go:86.38,88.2 1 0
github.com/Salvionied/apollo/serialization/common.go:103.50,105.2 1 0
github.com/Salvionied/apollo/serialization/common.go:115.43,116.23 1 0
github.com/Salvionied/apollo/serialization/common.go:116.23,118.17 2 0
github.com/Salvionied/apollo/serialization/common.go:118.17,120.4 1 0
github.com/Salvionied/apollo/serialization/common.go:121.3,121.49 1 0
github.com/Salvionied/apollo/serialization/common.go:121.49,123.4 1 0
github.com/Salvionied/apollo/serialization/common.go:124.3,124.25 1 0
github.com/Salvionied/apollo/serialization/common.go:126.2,126.33 1 0
github.com/Salvionied/apollo/serialization/common.go:129.37,131.2 1 0
github.com/Salvionied/apollo/serialization/common.go:133.47,136.2 1 0
github.com/Salvionied/apollo/serialization/common.go:138.47,140.2 1 0
github.com/Salvionied/apollo/serialization/common.go:150.40,151.23 1 0
github.com/Salvionied/apollo/serialization/common.go:151.23,153.3 1 0
github.com/Salvionied/apollo/serialization/common.go:154.2,154.43 1 0
github.com/Salvionied/apollo/serialization/common.go:156.43,158.2 1 0
github.com/Salvionied/apollo/serialization/common.go:169.54,173.23 1 0
github.com/Salvionied/apollo/serialization/common.go:173.23,174.23 1 0
github.com/Salvionied/apollo/serialization/common.go:174.23,176.4 1 0
github.com/Salvionied/apollo/serialization/common.go:177.3,177.32 1 0
github.com/Salvionied/apollo/serialization/common.go:179.2,179.23 1 0
github.com/Salvionied/apollo/serialization/common.go:179.23,181.17 2 0
github.com/Salvionied/apollo/serialization/common.go:181.17,183.4 1 0
github.com/Salvionied/apollo/serialization/common.go:184.3,184.29 1 0
github.com/Salvionied/apollo/serialization/common.go:186.2,187.16 2 0
github.com/Salvionied/apollo/serialization/common.go:187.16,189.3 1 0
github.com/Salvionied/apollo/serialization/common.go:193.2,193.26 1 0
github.com/Salvionied/apollo/serialization/common.go:208.58,211.16 3 0
github.com/Salvionied/apollo/serialization/common.go:211.16,213.3 1 0
github.com/Salvionied/apollo/serialization/common.go:214.2,214.27 1 0
github.com/Salvionied/apollo/serialization/common.go:215.14,217.37 2 0
github.com/Salvionied/apollo/serialization/common.go:218.14,220.17 2 0
github.com/Salvionied/apollo/serialization/common.go:221.14,223.41 2 0
github.com/Salvionied/apollo/serialization/common.go:224.10,225.52 1 0
github.com/Salvionied/apollo/serialization/common.go:227.2,227.12 1 0
github.com/Salvionied/apollo/crypto/ed25519/ed25519.go:45.53,47.9 2 0
github.com/Salvionied/apollo/crypto/ed25519/ed25519.go:47.9,49.3 1 0
github.com/Salvionied/apollo/crypto/ed25519/ed25519.go:50.2,50.29 1 0
github.com/Salvionied/apollo/crypto/ed25519/ed25519.go:57.50,61.2 3 0
github.com/Salvionied/apollo/crypto/ed25519/ed25519.go:64.56,66.9 2 0
github.com/Salvionied/apollo/crypto/ed25519/ed25519.go:66.9,68.3 1 0
github.com/Salvionied/apollo/crypto/ed25519/ed25519.go:69.2,69.30 1 0
github.com/Salvionied/apollo/crypto/ed25519/ed25519.go:75.38,77.2 1 0
github.com/Salvionied/apollo/crypto/ed25519/ed25519.go:92.33,95.37 3 0
github.com/Salvionied/apollo/crypto/ed25519/ed25519.go:95.37,97.3 1 0
github.com/Salvionied/apollo/crypto/ed25519/ed25519.go:98.2,98.32 1 0
github.com/Salvionied/apollo/crypto/ed25519/ed25519.go:98.32,102.3 1 0
github.com/Salvionied/apollo/crypto/ed25519/ed25519.go:103.2,103.9 1 0
github.com/Salvionied/apollo/crypto/ed25519/ed25519.go:104.29,105.42 1 0
github.com/Salvionied/apollo/crypto/ed25519/ed25519.go:105.42,111.4 1 0
github.com/Salvionied/apollo/crypto/ed25519/ed25519.go:112.3,114.24 3 0
github.com/Salvionied/apollo/crypto/ed25519/ed25519.go:115.47,118.24 3 0
github.com/Salvionied/apollo/crypto/ed25519/ed25519.go:119.30,120.34 1 0
github.com/Salvionied/apollo/crypto/ed25519/ed25519.go:121.10,124.4 1 0
github.com/Salvionied/apollo/crypto/ed25519/ed25519.go:140.42,140.59 1 0
github.com/Salvionied/apollo/crypto/ed25519/ed25519.go:144.65,145.17 1 0
github.com/Salvionied/apollo/crypto/ed25519/ed25519.go:145.17,147.3 1 0
github.com/Salvionied/apollo/crypto/ed25519/ed25519.go:149.2,150.51 2 0
github.com/Salvionied/apollo/crypto/ed25519/ed25519.go:150.51,152.3 1 0
github.com/Salvionied/apollo/crypto/ed25519/ed25519.go:154.2,158.35 4 0
github.com/Salvionied/apollo/crypto/ed25519/ed25519.go:165.45,170.2 3 0
github.com/Salvionied/apollo/crypto/ed25519/ed25519.go:172.46,173.35 1 0
github.com/Salvionied/apollo/crypto/ed25519/ed25519.go:173.35,174.56 1 0
github.com/Salvionied/apollo/crypto/ed25519/ed25519.go:177.2,179.16 3 0
github.com/Salvionied/apollo/crypto/ed25519/ed25519.go:179.16,180.58 1 0
github.com/Salvionied/apollo/crypto/ed25519/ed25519.go:182.2,187.34 4 0
github.com/Salvionied/apollo/crypto/ed25519/ed25519.go:192.57,198.2 3 0
github.com/Salvionied/apollo/crypto/ed25519/ed25519.go:213.77,214.47 1 0
github.com/Salvionied/apollo/crypto/ed25519/ed25519.go:214.47,215.63 1 0
github.com/Salvionied/apollo/crypto/ed25519/ed25519.go:217.2,221.16 4 0
github.com/Salvionied/apollo/crypto/ed25519/ed25519.go:221.16,222.58 1 0
github.com/Salvionied/apollo/crypto/ed25519/ed25519.go:224.2,227.32 3 0
github.com/Salvionied/apollo/crypto/ed25519/ed25519.go:227.32,231.3 3 0
github.com/Salvionied/apollo/crypto/ed25519/ed25519.go:232.2,237.16 6 0
github.com/Salvionied/apollo/crypto/ed25519/ed25519.go:237.16,238.58 1 0
github.com/Salvionied/apollo/crypto/ed25519/ed25519.go:241.2,244.32 3 0
github.com/Salvionied/apollo/crypto/ed25519/ed25519.go:244.32,248.3 3 0
github.com/Salvionied/apollo/crypto/ed25519/ed25519.go:249.2,255.16 7 0
github.com/Salvionied/apollo/crypto/ed25519/ed25519.go:255.16,256.58 1 0
github.com/Salvionied/apollo/crypto/ed25519/ed25519.go:259.2,262.33 3 0
github.com/Salvionied/apollo/crypto/ed25519/ed25519.go:267.60,269.2 1 0
github.com/Salvionied/apollo/crypto/ed25519/ed25519.go:283.9,284.9 1 0
github.com/Salvionied/apollo/crypto/ed25519/ed25519.go:285.34,286.42 1 0
github.com/Salvionied/apollo/crypto/ed25519/ed25519.go:286.42,292.4 1 0
github.com/Salvionied/apollo/crypto/ed25519/ed25519.go:293.3,293.38 1 0
github.com/Salvionied/apollo/crypto/ed25519/ed25519.go:293.38,297.4 1 0
github.com/Salvionied/apollo/crypto/ed25519/ed25519.go:298.3,298.66 1 0
github.com/Salvionied/apollo/crypto/ed25519/ed25519.go:298.66,300.4 1 0
github.com/Salvionied/apollo/crypto/ed25519/ed25519.go:301.3,301.13 1 0
github.com/Salvionied/apollo/crypto/ed25519/ed25519.go:302.57,303.38 1 0
github.com/Salvionied/apollo/crypto/ed25519/ed25519.go:303.38,307.4 1 0
github.com/Salvionied/apollo/crypto/ed25519/ed25519.go:308.3,308.67 1 0
github.com/Salvionied/apollo/crypto/ed25519/ed25519.go:308.67,310.4 1 0
github.com/Salvionied/apollo/crypto/ed25519/ed25519.go:311.3,311.13 1 0
github.com/Salvionied/apollo/crypto/ed25519/ed25519.go:312.35,313.58 1 0
github.com/Salvionied/apollo/crypto/ed25519/ed25519.go:313.58,315.4 1 0
github.com/Salvionied/apollo/crypto/ed25519/ed25519.go:316.3,316.13 1 0
github.com/Salvionied/apollo/crypto/ed25519/ed25519.go:317.10,320.4 1 0
github.com/Salvionied/apollo/crypto/ed25519/ed25519.go:328.8,329.45 1 0
github.com/Salvionied/apollo/crypto/ed25519/ed25519.go:329.45,330.62 1 0
github.com/Salvionied/apollo/crypto/ed25519/ed25519.go:333.2,333.51 1 0
github.com/Salvionied/apollo/crypto/ed25519/ed25519.go:333.51,335.3 1 0
github.com/Salvionied/apollo/crypto/ed25519/ed25519.go:337.2,338.16 2 0
github.com/Salvionied/apollo/crypto/ed25519/ed25519.go:338.16,340.3 1 0
github.com/Salvionied/apollo/crypto/ed25519/ed25519.go:342.2,343.32 2 0
github.com/Salvionied/apollo/crypto/ed25519/ed25519.go:343.32,347.3 3 0
github.com/Salvionied/apollo/crypto/ed25519/ed25519.go:348.2,354.16 7 0
github.com/Salvionied/apollo/crypto/ed25519/ed25519.go:354.16,355.58 1 0
github.com/Salvionied/apollo/crypto/ed25519/ed25519.go:358.2,359.16 2 0
github.com/Salvionied/apollo/crypto/ed25519/ed25519.go:359.16,361.3 1 0
github.com/Salvionied/apollo/crypto/ed25519/ed25519.go:364.2,367.41 3 0
github.com/Salvionied/apollo/crypto/bip32/utils.go:5.41,9.20 3 0
github.com/Salvionied/apollo/crypto/bip32/utils.go:9.20,13.3 3 0
github.com/Salvionied/apollo/crypto/bip32/utils.go:15.2,15.27 1 0
github.com/Salvionied/apollo/crypto/bip32/utils.go:15.27,19.3 3 0
github.com/Salvionied/apollo/crypto/bip32/utils.go:21.2,21.13 1 0
github.com/Salvionied/apollo/crypto/bip32/utils.go:24.42,28.20 3 0
github.com/Salvionied/apollo/crypto/bip32/utils.go:28.20,32.3 3 0
github.com/Salvionied/apollo/crypto/bip32/utils.go:34.2,34.13 1 0
github.com/Salvionied/apollo/crypto/bip32/utils.go:37.46,45.2 6 0
github.com/Salvionied/apollo/crypto/bip32/utils.go:47.53,49.22 2 0
github.com/Salvionied/apollo/crypto/bip32/utils.go:49.22,51.3 1 0
github.com/Salvionied/apollo/crypto/bip32/utils.go:53.2,54.23 2 0
github.com/Salvionied/apollo/crypto/bip32/utils.go:54.23,56.3 1 0
github.com/Salvionied/apollo/crypto/bip32/utils.go:58.2,70.19 9 0
github.com/Salvionied/apollo/crypto/bip32/xprv.go:27.40,28.26 1 0
github.com/Salvionied/apollo/crypto/bip32/xprv.go:28.26,32.3 1 0
github.com/Salvionied/apollo/crypto/bip32/xprv.go:34.2,34.43 1 0
github.com/Salvionied/apollo/crypto/bip32/xprv.go:34.43,38.3 1 0
github.com/Salvionied/apollo/crypto/bip32/xprv.go:40.2,40.44 1 0
github.com/Salvionied/apollo/crypto/bip32/xprv.go:40.44,44.3 1 0
github.com/Salvionied/apollo/crypto/bip32/xprv.go:46.2,46.43 1 0
github.com/Salvionied/apollo/crypto/bip32/xprv.go:50.36,71.2 9 0
github.com/Salvionied/apollo/crypto/bip32/xprv.go:74.31,76.2 1 0
github.com/Salvionied/apollo/crypto/bip32/xprv.go:79.30,81.2 1 0
github.com/Salvionied/apollo/crypto/bip32/xprv.go:84.34,86.2 1 0
github.com/Salvionied/apollo/crypto/bip32/xprv.go:89.41,120.24 9 0
github.com/Salvionied/apollo/crypto/bip32/xprv.go:120.24,128.3 6 0
github.com/Salvionied/apollo/crypto/bip32/xprv.go:128.8,137.3 7 0
github.com/Salvionied/apollo/crypto/bip32/xprv.go:139.2,147.21 7 0
github.com/Salvionied/apollo/crypto/bip32/xprv.go:151.45,152.23 1 0
github.com/Salvionied/apollo/crypto/bip32/xprv.go:152.23,153.52 1 0
github.com/Salvionied/apollo/crypto/bip32/xprv.go:155.2,155.36 1 0
github.com/Salvionied/apollo/crypto/bip32/xprv.go:159.34,170.2 7 0
github.com/Salvionied/apollo/crypto/bip32/xprv.go:173.43,207.2 25 0
github.com/Salvionied/apollo/crypto/bip32/xprv.go:210.44,212.2 1 0
github.com/Salvionied/apollo/crypto/bip32/xprv.go:215.27,220.2 4 0
github.com/Salvionied/apollo/crypto/bip32/xpub.go:18.31,19.26 1 0
github.com/Salvionied/apollo/crypto/bip32/xpub.go:19.26,20.59 1 0
github.com/Salvionied/apollo/crypto/bip32/xpub.go:22.2,22.38 1 0
github.com/Salvionied/apollo/crypto/bip32/xpub.go:26.31,28.2 1 0
github.com/Salvionied/apollo/crypto/bip32/xpub.go:31.30,33.2 1 0
github.com/Salvionied/apollo/crypto/bip32/xpub.go:36.34,38.2 1 0
github.com/Salvionied/apollo/crypto/bip32/xpub.go:41.34,43.2 1 0
github.com/Salvionied/apollo/crypto/bip32/xpub.go:46.41,47.23 1 0
github.com/Salvionied/apollo/crypto/bip32/xpub.go:47.23,48.66 1 0
github.com/Salvionied/apollo/crypto/bip32/xpub.go:51.2,70.9 15 0
github.com/Salvionied/apollo/crypto/bip32/xpub.go:70.9,73.4 1 0
github.com/Salvionied/apollo/crypto/bip32/xpub.go:76.2,79.27 4 0
github.com/Salvionied/apollo/crypto/bip32/xpub.go:83.44,86.2 2 0
github.com/Salvionied/apollo/testUtils/testUtils.go:19.30,21.20 2 0
github.com/Salvionied/apollo/testUtils/testUtils.go:21.20,42.3 9 0
github.com/Salvionied/apollo/testUtils/testUtils.go:43.2,43.14 1 0
github.com/Salvionied/apollo/testUtils/testUtils.go:45.44,47.20 2 0
github.com/Salvionied/apollo/testUtils/testUtils.go:47.20,58.20 5 0
github.com/Salvionied/apollo/testUtils/testUtils.go:58.20,63.4 2 0
github.com/Salvionied/apollo/testUtils/testUtils.go:65.3,70.65 4 0
github.com/Salvionied/apollo/testUtils/testUtils.go:72.2,72.14 1 0
github.com/Salvionied/apollo/testUtils/testUtils.go:75.39,77.21 2 0
github.com/Salvionied/apollo/testUtils/testUtils.go:77.21,88.20 5 0
github.com/Salvionied/apollo/testUtils/testUtils.go:88.20,93.4 2 0
github.com/Salvionied/apollo/testUtils/testUtils.go:95.3,100.65 4 0
github.com/Salvionied/apollo/testUtils/testUtils.go:102.2,102.14 1 0
github.com/Salvionied/apollo/txBuilding/Backend/Base/Base.go:73.55,75.2 1 0
github.com/Salvionied/apollo/txBuilding/Backend/Base/Base.go:98.50,109.2 4 0
github.com/Salvionied/apollo/txBuilding/Backend/Base/Base.go:111.75,116.30 5 0
github.com/Salvionied/apollo/txBuilding/Backend/Base/Base.go:116.30,117.30 1 0
github.com/Salvionied/apollo/txBuilding/Backend/Base/Base.go:117.30,120.4 2 0
github.com/Salvionied/apollo/txBuilding/Backend/Base/Base.go:120.9,126.11 5 0
github.com/Salvionied/apollo/txBuilding/Backend/Base/Base.go:126.11,128.5 1 0
github.com/Salvionied/apollo/txBuilding/Backend/Base/Base.go:129.4,129.63 1 0
github.com/Salvionied/apollo/txBuilding/Backend/Base/Base.go:132.2,133.27 2 0
github.com/Salvionied/apollo/txBuilding/Backend/Base/Base.go:133.27,141.3 1 0
github.com/Salvionied/apollo/txBuilding/Backend/Base/Base.go:141.8,143.3 1 0
github.com/Salvionied/apollo/txBuilding/Backend/Base/Base.go:144.2,145.45 2 0
github.com/Salvionied/apollo/txBuilding/Backend/Base/Base.go:145.45,149.3 2 0
github.com/Salvionied/apollo/txBuilding/Backend/Base/Base.go:150.2,151.25 2 0
github.com/Salvionied/apollo/txBuilding/Backend/Base/Base.go:151.25,171.3 6 0
github.com/Salvionied/apollo/txBuilding/Backend/Base/Base.go:172.2,180.15 2 0
github.com/Salvionied/apollo/txBuilding/Backend/Base/Base.go:308.16,310.16 2 0
github.com/Salvionied/apollo/txBuilding/Backend/Base/Base.go:310.16,312.3 1 0
github.com/Salvionied/apollo/txBuilding/Backend/Base/Base.go:313.2,316.59 1 0
github.com/Salvionied/apollo/txBuilding/Backend/Base/Base.go:355.69,389.2 1 0
github.com/Salvionied/apollo/serialization/Asset/Asset.go:20.37,24.2 3 1
github.com/Salvionied/apollo/serialization/Asset/Asset.go:38.47,40.2 1 1
github.com/Salvionied/apollo/serialization/Asset/Asset.go:56.46,57.32 1 1
github.com/Salvionied/apollo/serialization/Asset/Asset.go:57.32,59.34 2 1
github.com/Salvionied/apollo/serialization/Asset/Asset.go:59.34,61.4 1 1
github.com/Salvionied/apollo/serialization/Asset/Asset.go:63.2,63.13 1 1
github.com/Salvionied/apollo/serialization/Asset/Asset.go:80.49,81.32 1 1
github.com/Salvionied/apollo/serialization/Asset/Asset.go:81.32,83.33 2 1
github.com/Salvionied/apollo/serialization/Asset/Asset.go:83.33,85.4 1 1
github.com/Salvionied/apollo/serialization/Asset/Asset.go:87.2,87.13 1 1
github.com/Salvionied/apollo/serialization/Asset/Asset.go:101.49,102.35 1 1
github.com/Salvionied/apollo/serialization/Asset/Asset.go:102.35,104.9 2 1
github.com/Salvionied/apollo/serialization/Asset/Asset.go:104.9,106.4 1 1
github.com/Salvionied/apollo/serialization/Asset/Asset.go:106.9,108.4 1 1
github.com/Salvionied/apollo/serialization/Asset/Asset.go:110.2,110.11 1 1
github.com/Salvionied/apollo/serialization/Asset/Asset.go:124.49,125.35 1 1
github.com/Salvionied/apollo/serialization/Asset/Asset.go:125.35,127.9 2 1
github.com/Salvionied/apollo/serialization/Asset/Asset.go:127.9,129.4 1 1
github.com/Salvionied/apollo/serialization/Asset/Asset.go:129.9,131.4 1 1
github.com/Salvionied/apollo/serialization/Asset/Asset.go:133.2,133.11 1 1
github.com/Salvionied/apollo/serialization/Asset/Asset.go:145.40,146.32 1 1
github.com/Salvionied/apollo/serialization/Asset/Asset.go:146.32,148.3 1 1
github.com/Salvionied/apollo/serialization/Asset/Asset.go:149.2,149.11 1 1
github.com/Salvionied/apollo/serialization/Fingerprint/Fingerprint.go:21.16,26.2 1 1
github.com/Salvionied/apollo/serialization/Fingerprint/Fingerprint.go:28.51,30.2 1 0
github.com/Salvionied/apollo/serialization/Fingerprint/Fingerprint.go:32.56,34.2 1 0
github.com/Salvionied/apollo/serialization/Fingerprint/Fingerprint.go:36.39,45.2 7 1
github.com/Salvionied/apollo/serialization/Fingerprint/Fingerprint.go:47.60,67.2 3 0
github.com/Salvionied/apollo/serialization/AssetName/AssetName.go:17.57,20.35 2 1
github.com/Salvionied/apollo/serialization/AssetName/AssetName.go:20.35,22.3 1 1
github.com/Salvionied/apollo/serialization/AssetName/AssetName.go:24.2,24.33 1 1
github.com/Salvionied/apollo/serialization/AssetName/AssetName.go:27.53,30.2 2 1
github.com/Salvionied/apollo/serialization/AssetName/AssetName.go:32.37,35.2 2 1
github.com/Salvionied/apollo/serialization/AssetName/AssetName.go:37.40,39.2 1 1
github.com/Salvionied/apollo/serialization/AssetName/AssetName.go:41.52,42.40 1 1
github.com/Salvionied/apollo/serialization/AssetName/AssetName.go:42.40,44.3 1 1
github.com/Salvionied/apollo/serialization/AssetName/AssetName.go:46.2,46.24 1 1
github.com/Salvionied/apollo/serialization/AssetName/AssetName.go:46.24,48.3 1 1
github.com/Salvionied/apollo/serialization/AssetName/AssetName.go:50.2,52.32 2 1
github.com/Salvionied/apollo/serialization/AssetName/AssetName.go:55.56,58.16 3 1
github.com/Salvionied/apollo/serialization/AssetName/AssetName.go:58.16,60.3 1 1
github.com/Salvionied/apollo/serialization/AssetName/AssetName.go:62.2,62.19 1 1
github.com/Salvionied/apollo/serialization/AssetName/AssetName.go:62.19,64.3 1 1
github.com/Salvionied/apollo/serialization/AssetName/AssetName.go:66.2,68.12 2 1
github.com/Salvionied/apollo/serialization/MultiAsset/MultiAsset.go:28.5,29.32 1 1
github.com/Salvionied/apollo/serialization/MultiAsset/MultiAsset.go:29.32,31.38 1 1
github.com/Salvionied/apollo/serialization/MultiAsset/MultiAsset.go:31.38,32.41 1 1
github.com/Salvionied/apollo/serialization/MultiAsset/MultiAsset.go:32.41,33.50 1 1
github.com/Salvionied/apollo/serialization/MultiAsset/MultiAsset.go:33.50,35.6 1 1
github.com/Salvionied/apollo/serialization/MultiAsset/MultiAsset.go:39.2,39.10 1 1
github.com/Salvionied/apollo/serialization/MultiAsset/MultiAsset.go:50.58,52.32 2 1
github.com/Salvionied/apollo/serialization/MultiAsset/MultiAsset.go:52.32,53.40 1 1
github.com/Salvionied/apollo/serialization/MultiAsset/MultiAsset.go:53.40,54.18 1 1
github.com/Salvionied/apollo/serialization/MultiAsset/MultiAsset.go:54.18,56.11 2 1
github.com/Salvionied/apollo/serialization/MultiAsset/MultiAsset.go:56.11,58.6 1 0
github.com/Salvionied/apollo/serialization/MultiAsset/MultiAsset.go:58.11,60.6 1 1
github.com/Salvionied/apollo/serialization/MultiAsset/MultiAsset.go:64.2,64.15 1 1
github.com/Salvionied/apollo/serialization/MultiAsset/MultiAsset.go:75.47,77.32 2 1
github.com/Salvionied/apollo/serialization/MultiAsset/MultiAsset.go:77.32,79.3 1 1
github.com/Salvionied/apollo/serialization/MultiAsset/MultiAsset.go:80.2,80.15 1 1
github.com/Salvionied/apollo/serialization/MultiAsset/MultiAsset.go:94.57,96.2 1 1
github.com/Salvionied/apollo/serialization/MultiAsset/MultiAsset.go:112.56,113.32 1 1
github.com/Salvionied/apollo/serialization/MultiAsset/MultiAsset.go:113.32,115.37 2 1
github.com/Salvionied/apollo/serialization/MultiAsset/MultiAsset.go:115.37,117.4 1 1
github.com/Salvionied/apollo/serialization/MultiAsset/MultiAsset.go:119.2,119.13 1 1
github.com/Salvionied/apollo/serialization/MultiAsset/MultiAsset.go:137.59,138.32 1 1
github.com/Salvionied/apollo/serialization/MultiAsset/MultiAsset.go:138.32,140.67 2 1
github.com/Salvionied/apollo/serialization/MultiAsset/MultiAsset.go:140.67,142.4 1 1
github.com/Salvionied/apollo/serialization/MultiAsset/MultiAsset.go:144.2,144.13 1 1
github.com/Salvionied/apollo/serialization/MultiAsset/MultiAsset.go:158.64,160.35 2 1
github.com/Salvionied/apollo/serialization/MultiAsset/MultiAsset.go:160.35,162.9 2 1
github.com/Salvionied/apollo/serialization/MultiAsset/MultiAsset.go:162.9,164.4 1 1
github.com/Salvionied/apollo/serialization/MultiAsset/MultiAsset.go:164.9,166.4 1 0
github.com/Salvionied/apollo/serialization/MultiAsset/MultiAsset.go:168.2,168.15 1 1
github.com/Salvionied/apollo/serialization/MultiAsset/MultiAsset.go:182.64,184.35 2 1
github.com/Salvionied/apollo/serialization/MultiAsset/MultiAsset.go:184.35,186.9 2 1
github.com/Salvionied/apollo/serialization/MultiAsset/MultiAsset.go:186.9,188.4 1 1
github.com/Salvionied/apollo/serialization/MultiAsset/MultiAsset.go:188.9,190.4 1 1
github.com/Salvionied/apollo/serialization/MultiAsset/MultiAsset.go:192.2,192.12 1 1
github.com/Salvionied/apollo/serialization/MultiAsset/MultiAsset.go:211.17,213.32 2 1
github.com/Salvionied/apollo/serialization/MultiAsset/MultiAsset.go:213.32,214.40 1 1
github.com/Salvionied/apollo/serialization/MultiAsset/MultiAsset.go:214.40,215.36 1 1
github.com/Salvionied/apollo/serialization/MultiAsset/MultiAsset.go:215.36,217.11 2 1
github.com/Salvionied/apollo/serialization/MultiAsset/MultiAsset.go:217.11,219.6 1 0
github.com/Salvionied/apollo/serialization/MultiAsset/MultiAsset.go:219.11,221.6 1 1
github.com/Salvionied/apollo/serialization/MultiAsset/MultiAsset.go:225.2,225.15 1 1
github.com/Salvionied/apollo/serialization/Amount/Amount.go:23.43,28.2 1 1
github.com/Salvionied/apollo/serialization/Amount/Amount.go:42.46,47.2 1 1
github.com/Salvionied/apollo/serialization/Amount/Amount.go:63.45,68.2 1 1
github.com/Salvionied/apollo/serialization/Amount/Amount.go:78.44,82.2 3 1
github.com/Salvionied/apollo/serialization/Amount/Amount.go:92.33,97.2 1 1
github.com/Salvionied/apollo/serialization/Amount/Amount.go:110.43,112.2 1 1
github.com/Salvionied/apollo/serialization/Amount/Amount.go:125.42,127.2 1 1
github.com/Salvionied/apollo/serialization/Amount/Amount.go:140.45,142.2 1 1
github.com/Salvionied/apollo/serialization/Amount/Amount.go:155.43,159.2 3 1
github.com/Salvionied/apollo/serialization/Amount/Amount.go:172.43,176.2 3 1
github.com/Salvionied/apollo/serialization/Policy/Policy.go:26.43,27.22 1 1
github.com/Salvionied/apollo/serialization/Policy/Policy.go:27.22,29.3 1 1
github.com/Salvionied/apollo/serialization/Policy/Policy.go:30.2,32.8 1 0
github.com/Salvionied/apollo/serialization/Policy/Policy.go:47.49,48.22 1 1
github.com/Salvionied/apollo/serialization/Policy/Policy.go:48.22,50.3 1 1
github.com/Salvionied/apollo/serialization/Policy/Policy.go:51.2,53.8 1 0
github.com/Salvionied/apollo/serialization/Policy/Policy.go:62.42,64.2 1 1
github.com/Salvionied/apollo/serialization/Policy/Policy.go:75.57,77.16 2 1
github.com/Salvionied/apollo/serialization/Policy/Policy.go:77.16,79.3 1 0
github.com/Salvionied/apollo/serialization/Policy/Policy.go:80.2,80.20 1 1
github.com/Salvionied/apollo/serialization/Policy/Policy.go:80.20,82.3 1 0
github.com/Salvionied/apollo/serialization/Policy/Policy.go:84.2,84.19 1 1
github.com/Salvionied/apollo/serialization/Policy/Policy.go:84.19,86.3 1 0
github.com/Salvionied/apollo/serialization/Policy/Policy.go:87.2,87.26 1 1
github.com/Salvionied/apollo/serialization/Policy/Policy.go:102.61,105.16 3 1
github.com/Salvionied/apollo/serialization/Policy/Policy.go:105.16,107.3 1 0
github.com/Salvionied/apollo/serialization/Policy/Policy.go:108.2,108.27 1 1
github.com/Salvionied/apollo/serialization/Policy/Policy.go:109.14,111.27 2 1
github.com/Salvionied/apollo/serialization/Policy/Policy.go:111.27,113.4 1 0
github.com/Salvionied/apollo/serialization/Policy/Policy.go:114.3,114.29 1 1
github.com/Salvionied/apollo/serialization/Policy/Policy.go:115.14,117.27 2 0
github.com/Salvionied/apollo/serialization/Policy/Policy.go:117.27,119.4 1 0
github.com/Salvionied/apollo/serialization/Policy/Policy.go:120.3,120.29 1 0
github.com/Salvionied/apollo/serialization/Policy/Policy.go:121.10,122.51 1 0
github.com/Salvionied/apollo/serialization/Policy/Policy.go:124.2,124.12 1 1
github.com/Salvionied/apollo/serialization/TransactionInput/TransactionInput.go:23.53,28.2 1 1
github.com/Salvionied/apollo/serialization/TransactionInput/TransactionInput.go:43.65,46.2 1 1
github.com/Salvionied/apollo/serialization/TransactionInput/TransactionInput.go:62.66,64.2 1 1
github.com/Salvionied/apollo/serialization/TransactionInput/TransactionInput.go:72.44,74.2 1 1
github.com/Salvionied/apollo/serialization/NativeScript/NativeScript.go:21.51,23.2 1 1
github.com/Salvionied/apollo/serialization/NativeScript/NativeScript.go:25.62,27.2 1 1
github.com/Salvionied/apollo/serialization/NativeScript/NativeScript.go:29.62,31.2 1 1
github.com/Salvionied/apollo/serialization/NativeScript/NativeScript.go:33.72,35.2 1 1
github.com/Salvionied/apollo/serialization/NativeScript/NativeScript.go:37.50,39.2 1 1
github.com/Salvionied/apollo/serialization/NativeScript/NativeScript.go:41.52,43.2 1 1
github.com/Salvionied/apollo/serialization/NativeScript/NativeScript.go:87.65,90.16 3 1
github.com/Salvionied/apollo/serialization/NativeScript/NativeScript.go:90.16,92.3 1 0
github.com/Salvionied/apollo/serialization/NativeScript/NativeScript.go:93.2,95.16 3 1
github.com/Salvionied/apollo/serialization/NativeScript/NativeScript.go:95.16,97.3 1 0
github.com/Salvionied/apollo/serialization/NativeScript/NativeScript.go:98.2,99.16 2 1
github.com/Salvionied/apollo/serialization/NativeScript/NativeScript.go:99.16,101.3 1 0
github.com/Salvionied/apollo/serialization/NativeScript/NativeScript.go:102.2,104.17 3 1
github.com/Salvionied/apollo/serialization/NativeScript/NativeScript.go:119.59,122.16 3 1
github.com/Salvionied/apollo/serialization/NativeScript/NativeScript.go:122.16,124.3 1 0
github.com/Salvionied/apollo/serialization/NativeScript/NativeScript.go:125.2,126.17 2 1
github.com/Salvionied/apollo/serialization/NativeScript/NativeScript.go:127.9,132.13 5 1
github.com/Salvionied/apollo/serialization/NativeScript/NativeScript.go:133.9,138.13 5 1
github.com/Salvionied/apollo/serialization/NativeScript/NativeScript.go:139.9,144.13 5 1
github.com/Salvionied/apollo/serialization/NativeScript/NativeScript.go:145.9,151.13 6 1
github.com/Salvionied/apollo/serialization/NativeScript/NativeScript.go:152.9,158.13 5 1
github.com/Salvionied/apollo/serialization/NativeScript/NativeScript.go:159.9,164.13 5 1
github.com/Salvionied/apollo/serialization/NativeScript/NativeScript.go:165.10,166.13 1 0
github.com/Salvionied/apollo/serialization/NativeScript/NativeScript.go:179.56,180.16 1 1
github.com/Salvionied/apollo/serialization/NativeScript/NativeScript.go:181.9,182.66 1 1
github.com/Salvionied/apollo/serialization/NativeScript/NativeScript.go:183.9,186.4 1 1
github.com/Salvionied/apollo/serialization/NativeScript/NativeScript.go:187.9,190.4 1 1
github.com/Salvionied/apollo/serialization/NativeScript/NativeScript.go:191.9,198.4 1 1
github.com/Salvionied/apollo/serialization/NativeScript/NativeScript.go:199.9,200.64 1 1
github.com/Salvionied/apollo/serialization/NativeScript/NativeScript.go:201.9,202.63 1 1
github.com/Salvionied/apollo/serialization/NativeScript/NativeScript.go:204.10,205.31 1 0
github.com/Salvionied/apollo/serialization/Address/Address.go:45.12,49.34 4 1
github.com/Salvionied/apollo/serialization/Address/Address.go:49.34,51.3 1 1
github.com/Salvionied/apollo/serialization/Address/Address.go:51.8,53.3 1 1
github.com/Salvionied/apollo/serialization/Address/Address.go:54.2,54.23 1 1
github.com/Salvionied/apollo/serialization/Address/Address.go:54.23,56.3 1 1
github.com/Salvionied/apollo/serialization/Address/Address.go:56.8,56.30 1 1
github.com/Salvionied/apollo/serialization/Address/Address.go:56.30,58.3 1 1
github.com/Salvionied/apollo/serialization/Address/Address.go:58.8,60.3 1 1
github.com/Salvionied/apollo/serialization/Address/Address.go:61.2,63.14 3 1
github.com/Salvionied/apollo/serialization/Address/Address.go:77.49,79.2 1 1
github.com/Salvionied/apollo/serialization/Address/Address.go:89.37,99.2 1 1
github.com/Salvionied/apollo/serialization/Address/Address.go:119.47,121.16 2 1
github.com/Salvionied/apollo/serialization/Address/Address.go:121.16,123.3 1 0
github.com/Salvionied/apollo/serialization/Address/Address.go:124.2,124.35 1 1
github.com/Salvionied/apollo/serialization/Address/Address.go:136.52,138.2 1 1
github.com/Salvionied/apollo/serialization/Address/Address.go:151.56,163.2 11 1
github.com/Salvionied/apollo/serialization/Address/Address.go:175.36,179.33 4 1
github.com/Salvionied/apollo/serialization/Address/Address.go:179.33,181.3 1 1
github.com/Salvionied/apollo/serialization/Address/Address.go:181.8,183.3 1 1
github.com/Salvionied/apollo/serialization/Address/Address.go:184.2,187.35 4 1
github.com/Salvionied/apollo/serialization/Address/Address.go:199.37,201.16 2 1
github.com/Salvionied/apollo/serialization/Address/Address.go:201.16,203.3 1 0
github.com/Salvionied/apollo/serialization/Address/Address.go:204.2,205.15 2 1
github.com/Salvionied/apollo/serialization/Address/Address.go:221.59,223.61 2 1
github.com/Salvionied/apollo/serialization/Address/Address.go:223.61,225.3 1 1
github.com/Salvionied/apollo/serialization/Address/Address.go:225.8,227.3 1 1
github.com/Salvionied/apollo/serialization/Address/Address.go:228.2,229.18 2 1
github.com/Salvionied/apollo/serialization/Address/Address.go:229.18,231.3 1 1
github.com/Salvionied/apollo/serialization/Address/Address.go:231.8,233.3 1 1
github.com/Salvionied/apollo/serialization/Address/Address.go:234.2,234.24 1 1
github.com/Salvionied/apollo/serialization/Address/Address.go:250.51,252.16 2 1
github.com/Salvionied/apollo/serialization/Address/Address.go:252.16,254.3 1 1
github.com/Salvionied/apollo/serialization/Address/Address.go:256.2,262.44 6 1
github.com/Salvionied/apollo/serialization/Address/Address.go:262.44,264.3 1 1
github.com/Salvionied/apollo/serialization/Address/Address.go:265.2,265.19 1 1
github.com/Salvionied/apollo/serialization/Address/Address.go:266.15,274.9 1 1
github.com/Salvionied/apollo/serialization/Address/Address.go:275.18,283.9 1 1
github.com/Salvionied/apollo/serialization/Address/Address.go:284.18,292.9 1 1
github.com/Salvionied/apollo/serialization/Address/Address.go:293.16,301.9 1 1
github.com/Salvionied/apollo/serialization/Address/Address.go:302.21,310.9 1 1
github.com/Salvionied/apollo/serialization/Address/Address.go:311.19,319.9 1 1
github.com/Salvionied/apollo/serialization/Address/Address.go:320.16,328.9 1 1
github.com/Salvionied/apollo/serialization/Address/Address.go:329.10,337.9 1 1
github.com/Salvionied/apollo/serialization/Metadata/Metadata.go:35.63,37.32 2 1
github.com/Salvionied/apollo/serialization/Metadata/Metadata.go:37.32,39.3 1 0
github.com/Salvionied/apollo/serialization/Metadata/Metadata.go:39.8,41.3 1 1
github.com/Salvionied/apollo/serialization/Metadata/Metadata.go:61.59,63.2 1 1
github.com/Salvionied/apollo/serialization/Metadata/Metadata.go:70.66,72.2 1 1
github.com/Salvionied/apollo/serialization/Metadata/Metadata.go:79.72,80.37 1 1
github.com/Salvionied/apollo/serialization/Metadata/Metadata.go:80.37,82.3 1 1
github.com/Salvionied/apollo/serialization/Metadata/Metadata.go:82.8,86.3 2 0
github.com/Salvionied/apollo/serialization/Metadata/Metadata.go:98.40,100.37 1 1
github.com/Salvionied/apollo/serialization/Metadata/Metadata.go:100.37,103.17 3 1
github.com/Salvionied/apollo/serialization/Metadata/Metadata.go:103.17,105.4 1 0
github.com/Salvionied/apollo/serialization/Metadata/Metadata.go:106.3,106.14 1 1
github.com/Salvionied/apollo/serialization/Metadata/Metadata.go:107.8,109.3 1 0
github.com/Salvionied/apollo/serialization/Metadata/Metadata.go:123.60,125.24 2 1
github.com/Salvionied/apollo/serialization/Metadata/Metadata.go:125.24,127.28 2 1
github.com/Salvionied/apollo/serialization/Metadata/Metadata.go:127.28,129.4 1 1
github.com/Salvionied/apollo/serialization/Metadata/Metadata.go:131.2,131.12 1 1
github.com/Salvionied/apollo/serialization/Metadata/Metadata.go:143.56,145.29 2 1
github.com/Salvionied/apollo/serialization/Metadata/Metadata.go:145.29,147.3 1 1
github.com/Salvionied/apollo/serialization/Metadata/Metadata.go:148.2,150.42 1 1
github.com/Salvionied/apollo/serialization/Metadata/Metadata.go:150.42,152.3 1 1
github.com/Salvionied/apollo/serialization/Metadata/Metadata.go:153.2,154.43 1 1
github.com/Salvionied/apollo/serialization/Metadata/Metadata.go:154.43,156.3 1 1
github.com/Salvionied/apollo/serialization/Metadata/Metadata.go:157.2,157.37 1 1
github.com/Salvionied/apollo/serialization/TransactionWitnessSet/TransactionWitnessSet.go:52.65,54.32 2 1
github.com/Salvionied/apollo/serialization/TransactionWitnessSet/TransactionWitnessSet.go:54.32,56.3 1 0
github.com/Salvionied/apollo/serialization/TransactionWitnessSet/TransactionWitnessSet.go:57.2,57.32 1 1
github.com/Salvionied/apollo/serialization/TransactionWitnessSet/TransactionWitnessSet.go:57.32,59.3 1 0
github.com/Salvionied/apollo/serialization/TransactionWitnessSet/TransactionWitnessSet.go:60.2,60.37 1 1
github.com/Salvionied/apollo/serialization/TransactionWitnessSet/TransactionWitnessSet.go:60.37,62.3 1 0
github.com/Salvionied/apollo/serialization/TransactionWitnessSet/TransactionWitnessSet.go:63.2,63.33 1 1
github.com/Salvionied/apollo/serialization/TransactionWitnessSet/TransactionWitnessSet.go:63.33,65.3 1 0
github.com/Salvionied/apollo/serialization/TransactionWitnessSet/TransactionWitnessSet.go:66.2,66.33 1 1
github.com/Salvionied/apollo/serialization/TransactionWitnessSet/TransactionWitnessSet.go:66.33,68.3 1 0
github.com/Salvionied/apollo/serialization/TransactionWitnessSet/TransactionWitnessSet.go:69.2,69.33 1 1
github.com/Salvionied/apollo/serialization/TransactionWitnessSet/TransactionWitnessSet.go:69.33,71.3 1 0
github.com/Salvionied/apollo/serialization/TransactionWitnessSet/TransactionWitnessSet.go:72.2,72.29 1 1
github.com/Salvionied/apollo/serialization/TransactionWitnessSet/TransactionWitnessSet.go:72.29,74.3 1 1
github.com/Salvionied/apollo/serialization/TransactionWitnessSet/TransactionWitnessSet.go:75.2,75.27 1 1
github.com/Salvionied/apollo/serialization/TransactionWitnessSet/TransactionWitnessSet.go:75.27,77.3 1 0
github.com/Salvionied/apollo/serialization/TransactionWitnessSet/TransactionWitnessSet.go:78.2,78.26 1 1
github.com/Salvionied/apollo/serialization/Redeemer/Redeemer.go:36.50,41.2 1 1
github.com/Salvionied/apollo/serialization/Redeemer/Redeemer.go:52.53,55.2 2 1
github.com/Salvionied/apollo/serialization/Redeemer/Redeemer.go:74.36,81.2 1 1
github.com/Salvionied/apollo/serialization/Relay/Relay.go:13.35,14.23 1 1
github.com/Salvionied/apollo/serialization/Relay/Relay.go:15.14,16.30 1 1
github.com/Salvionied/apollo/serialization/Relay/Relay.go:16.30,18.4 1 0
github.com/Salvionied/apollo/serialization/Relay/Relay.go:19.3,19.21 1 1
github.com/Salvionied/apollo/serialization/Relay/Relay.go:20.13,21.12 1 0
github.com/Salvionied/apollo/serialization/Relay/Relay.go:21.12,23.4 1 0
github.com/Salvionied/apollo/serialization/Relay/Relay.go:24.3,24.29 1 0
github.com/Salvionied/apollo/serialization/Relay/Relay.go:24.29,26.4 1 0
github.com/Salvionied/apollo/serialization/Relay/Relay.go:27.3,27.21 1 0
github.com/Salvionied/apollo/serialization/Relay/Relay.go:28.10,29.66 1 1
github.com/Salvionied/apollo/serialization/Relay/Relay.go:44.36,44.48 1 1
github.com/Salvionied/apollo/serialization/Relay/Relay.go:45.55,46.39 1 1
github.com/Salvionied/apollo/serialization/Relay/Relay.go:46.39,51.3 1 1
github.com/Salvionied/apollo/serialization/Relay/Relay.go:52.2,52.40 1 1
github.com/Salvionied/apollo/serialization/Relay/Relay.go:52.40,57.3 1 1
github.com/Salvionied/apollo/serialization/Relay/Relay.go:58.2,58.62 1 1
github.com/Salvionied/apollo/serialization/Relay/Relay.go:60.59,62.51 2 1
github.com/Salvionied/apollo/serialization/Relay/Relay.go:62.51,64.3 1 0
github.com/Salvionied/apollo/serialization/Relay/Relay.go:65.2,65.19 1 1
github.com/Salvionied/apollo/serialization/Relay/Relay.go:65.19,67.3 1 1
github.com/Salvionied/apollo/serialization/Relay/Relay.go:69.2,70.16 2 1
github.com/Salvionied/apollo/serialization/Relay/Relay.go:70.16,72.3 1 0
github.com/Salvionied/apollo/serialization/Relay/Relay.go:73.2,73.12 1 1
github.com/Salvionied/apollo/serialization/Relay/Relay.go:73.12,75.3 1 1
github.com/Salvionied/apollo/serialization/Relay/Relay.go:77.2,77.19 1 1
github.com/Salvionied/apollo/serialization/Relay/Relay.go:77.19,79.3 1 1
github.com/Salvionied/apollo/serialization/Relay/Relay.go:79.8,80.29 1 1
github.com/Salvionied/apollo/serialization/Relay/Relay.go:81.15,82.17 1 1
github.com/Salvionied/apollo/serialization/Relay/Relay.go:82.17,84.5 1 1
github.com/Salvionied/apollo/serialization/Relay/Relay.go:85.4,86.16 2 1
github.com/Salvionied/apollo/serialization/Relay/Relay.go:87.11,88.81 1 1
github.com/Salvionied/apollo/serialization/Relay/Relay.go:93.2,93.19 1 1
github.com/Salvionied/apollo/serialization/Relay/Relay.go:93.19,95.3 1 1
github.com/Salvionied/apollo/serialization/Relay/Relay.go:95.8,97.10 2 1
github.com/Salvionied/apollo/serialization/Relay/Relay.go:97.10,99.4 1 1
github.com/Salvionied/apollo/serialization/Relay/Relay.go:100.3,100.18 1 1
github.com/Salvionied/apollo/serialization/Relay/Relay.go:100.18,102.4 1 0
github.com/Salvionied/apollo/serialization/Relay/Relay.go:103.3,103.37 1 1
github.com/Salvionied/apollo/serialization/Relay/Relay.go:107.2,107.19 1 1
github.com/Salvionied/apollo/serialization/Relay/Relay.go:107.19,109.3 1 1
github.com/Salvionied/apollo/serialization/Relay/Relay.go:109.8,111.10 2 1
github.com/Salvionied/apollo/serialization/Relay/Relay.go:111.10,113.4 1 1
github.com/Salvionied/apollo/serialization/Relay/Relay.go:114.3,114.19 1 1
github.com/Salvionied/apollo/serialization/Relay/Relay.go:114.19,116.4 1 0
github.com/Salvionied/apollo/serialization/Relay/Relay.go:117.3,117.37 1 1
github.com/Salvionied/apollo/serialization/Relay/Relay.go:119.2,119.12 1 1
github.com/Salvionied/apollo/serialization/Relay/Relay.go:127.36,127.48 1 1
github.com/Salvionied/apollo/serialization/Relay/Relay.go:128.55,129.26 1 1
github.com/Salvionied/apollo/serialization/Relay/Relay.go:129.26,131.3 1 1
github.com/Salvionied/apollo/serialization/Relay/Relay.go:132.2,132.57 1 1
github.com/Salvionied/apollo/serialization/Relay/Relay.go:134.59,136.51 2 1
github.com/Salvionied/apollo/serialization/Relay/Relay.go:136.51,138.3 1 0
github.com/Salvionied/apollo/serialization/Relay/Relay.go:139.2,139.19 1 1
github.com/Salvionied/apollo/serialization/Relay/Relay.go:139.19,141.3 1 1
github.com/Salvionied/apollo/serialization/Relay/Relay.go:143.2,144.16 2 1
github.com/Salvionied/apollo/serialization/Relay/Relay.go:144.16,146.3 1 0
github.com/Salvionied/apollo/serialization/Relay/Relay.go:147.2,147.12 1 1
github.com/Salvionied/apollo/serialization/Relay/Relay.go:147.12,149.3 1 1
github.com/Salvionied/apollo/serialization/Relay/Relay.go:151.2,151.19 1 1
github.com/Salvionied/apollo/serialization/Relay/Relay.go:151.19,153.3 1 1
github.com/Salvionied/apollo/serialization/Relay/Relay.go:153.8,154.29 1 1
github.com/Salvionied/apollo/serialization/Relay/Relay.go:155.15,156.17 1 1
github.com/Salvionied/apollo/serialization/Relay/Relay.go:156.17,158.5 1 1
github.com/Salvionied/apollo/serialization/Relay/Relay.go:159.4,160.16 2 1
github.com/Salvionied/apollo/serialization/Relay/Relay.go:161.11,162.81 1 1
github.com/Salvionied/apollo/serialization/Relay/Relay.go:167.2,167.28 1 1
github.com/Salvionied/apollo/serialization/Relay/Relay.go:168.14,169.19 1 1
github.com/Salvionied/apollo/serialization/Relay/Relay.go:169.19,171.4 1 1
github.com/Salvionied/apollo/serialization/Relay/Relay.go:172.3,172.16 1 1
github.com/Salvionied/apollo/serialization/Relay/Relay.go:173.10,174.66 1 1
github.com/Salvionied/apollo/serialization/Relay/Relay.go:176.2,176.12 1 1
github.com/Salvionied/apollo/serialization/Relay/Relay.go:183.35,183.47 1 1
github.com/Salvionied/apollo/serialization/Relay/Relay.go:184.54,185.26 1 1
github.com/Salvionied/apollo/serialization/Relay/Relay.go:185.26,187.3 1 1
github.com/Salvionied/apollo/serialization/Relay/Relay.go:188.2,188.49 1 1
github.com/Salvionied/apollo/serialization/Relay/Relay.go:190.58,192.51 2 1
github.com/Salvionied/apollo/serialization/Relay/Relay.go:192.51,194.3 1 0
github.com/Salvionied/apollo/serialization/Relay/Relay.go:195.2,195.19 1 1
github.com/Salvionied/apollo/serialization/Relay/Relay.go:195.19,197.3 1 1
github.com/Salvionied/apollo/serialization/Relay/Relay.go:199.2,200.16 2 1
github.com/Salvionied/apollo/serialization/Relay/Relay.go:200.16,202.3 1 0
github.com/Salvionied/apollo/serialization/Relay/Relay.go:203.2,203.12 1 1
github.com/Salvionied/apollo/serialization/Relay/Relay.go:203.12,205.3 1 1
github.com/Salvionied/apollo/serialization/Relay/Relay.go:208.2,208.28 1 1
github.com/Salvionied/apollo/serialization/Relay/Relay.go:209.14,210.19 1 1
github.com/Salvionied/apollo/serialization/Relay/Relay.go:210.19,212.4 1 0
github.com/Salvionied/apollo/serialization/Relay/Relay.go:213.3,213.16 1 1
github.com/Salvionied/apollo/serialization/Relay/Relay.go:214.10,215.66 1 1
github.com/Salvionied/apollo/serialization/Relay/Relay.go:217.2,217.12 1 1
github.com/Salvionied/apollo/serialization/Relay/Relay.go:222.58,225.51 2 1
github.com/Salvionied/apollo/serialization/Relay/Relay.go:225.51,227.3 1 0
github.com/Salvionied/apollo/serialization/Relay/Relay.go:228.2,228.19 1 1
github.com/Salvionied/apollo/serialization/Relay/Relay.go:228.19,230.3 1 1
github.com/Salvionied/apollo/serialization/Relay/Relay.go:233.2,234.16 2 1
github.com/Salvionied/apollo/serialization/Relay/Relay.go:234.16,236.3 1 1
github.com/Salvionied/apollo/serialization/Relay/Relay.go:239.2,239.14 1 1
github.com/Salvionied/apollo/serialization/Relay/Relay.go:240.9,242.52 2 1
github.com/Salvionied/apollo/serialization/Relay/Relay.go:242.52,244.4 1 0
github.com/Salvionied/apollo/serialization/Relay/Relay.go:245.3,245.21 1 1
github.com/Salvionied/apollo/serialization/Relay/Relay.go:246.9,248.52 2 1
github.com/Salvionied/apollo/serialization/Relay/Relay.go:248.52,250.4 1 0
github.com/Salvionied/apollo/serialization/Relay/Relay.go:251.3,251.21 1 1
github.com/Salvionied/apollo/serialization/Relay/Relay.go:252.9,254.52 2 1
github.com/Salvionied/apollo/serialization/Relay/Relay.go:254.52,256.4 1 0
github.com/Salvionied/apollo/serialization/Relay/Relay.go:257.3,257.21 1 1
github.com/Salvionied/apollo/serialization/Relay/Relay.go:258.10,259.57 1 1
github.com/Salvionied/apollo/serialization/Relay/Relay.go:265.47,267.26 2 1
github.com/Salvionied/apollo/serialization/Relay/Relay.go:267.26,269.17 2 1
github.com/Salvionied/apollo/serialization/Relay/Relay.go:269.17,271.4 1 0
github.com/Salvionied/apollo/serialization/Relay/Relay.go:272.3,272.24 1 1
github.com/Salvionied/apollo/serialization/Relay/Relay.go:274.2,275.24 2 1
github.com/Salvionied/apollo/serialization/Relay/Relay.go:275.24,277.47 2 1
github.com/Salvionied/apollo/serialization/Relay/Relay.go:277.47,279.4 1 0
github.com/Salvionied/apollo/serialization/Relay/Relay.go:280.3,280.23 1 1
github.com/Salvionied/apollo/serialization/Relay/Relay.go:282.2,282.26 1 1
github.com/Salvionied/apollo/serialization/Relay/Relay.go:285.51,287.51 2 1
github.com/Salvionied/apollo/serialization/Relay/Relay.go:287.51,289.3 1 0
github.com/Salvionied/apollo/serialization/Relay/Relay.go:290.2,291.27 2 1
github.com/Salvionied/apollo/serialization/Relay/Relay.go:291.27,293.17 2 1
github.com/Salvionied/apollo/serialization/Relay/Relay.go:293.17,295.4 1 0
github.com/Salvionied/apollo/serialization/Relay/Relay.go:296.3,297.17 2 1
github.com/Salvionied/apollo/serialization/Relay/Relay.go:297.17,299.4 1 0
github.com/Salvionied/apollo/serialization/Relay/Relay.go:300.3,300.27 1 1
github.com/Salvionied/apollo/serialization/Relay/Relay.go:302.2,303.12 2 1
github.com/Salvionied/apollo/serialization/UTxO/UTxO.go:30.31,36.2 1 1
github.com/Salvionied/apollo/serialization/UTxO/UTxO.go:46.28,51.2 1 1
github.com/Salvionied/apollo/serialization/UTxO/UTxO.go:64.39,67.2 2 1
github.com/Salvionied/apollo/serialization/Value/Value.go:38.59,41.54 3 1
github.com/Salvionied/apollo/serialization/Value/Value.go:41.54,44.3 2 1
github.com/Salvionied/apollo/serialization/Value/Value.go:44.8,47.17 3 1
github.com/Salvionied/apollo/serialization/Value/Value.go:47.17,49.4 1 0
github.com/Salvionied/apollo/serialization/Value/Value.go:50.3,51.23 2 1
github.com/Salvionied/apollo/serialization/Value/Value.go:53.2,53.12 1 1
github.com/Salvionied/apollo/serialization/Value/Value.go:65.57,66.21 1 1
github.com/Salvionied/apollo/serialization/Value/Value.go:66.21,67.24 1 1
github.com/Salvionied/apollo/serialization/Value/Value.go:67.24,69.4 1 0
github.com/Salvionied/apollo/serialization/Value/Value.go:70.3,71.30 2 1
github.com/Salvionied/apollo/serialization/Value/Value.go:72.8,73.21 1 1
github.com/Salvionied/apollo/serialization/Value/Value.go:73.21,75.4 1 0
github.com/Salvionied/apollo/serialization/Value/Value.go:76.3,76.34 1 1
github.com/Salvionied/apollo/serialization/Value/Value.go:88.46,89.21 1 1
github.com/Salvionied/apollo/serialization/Value/Value.go:89.21,95.3 1 1
github.com/Salvionied/apollo/serialization/Value/Value.go:96.2,99.3 1 1
github.com/Salvionied/apollo/serialization/Value/Value.go:110.46,116.2 1 1
github.com/Salvionied/apollo/serialization/Value/Value.go:126.42,132.2 1 1
github.com/Salvionied/apollo/serialization/Value/Value.go:142.43,144.19 2 1
github.com/Salvionied/apollo/serialization/Value/Value.go:144.19,146.3 1 1
github.com/Salvionied/apollo/serialization/Value/Value.go:147.2,147.12 1 1
github.com/Salvionied/apollo/serialization/Value/Value.go:158.32,159.19 1 1
github.com/Salvionied/apollo/serialization/Value/Value.go:159.19,165.3 1 1
github.com/Salvionied/apollo/serialization/Value/Value.go:165.8,170.3 1 1
github.com/Salvionied/apollo/serialization/Value/Value.go:183.65,184.20 1 1
github.com/Salvionied/apollo/serialization/Value/Value.go:184.20,189.3 4 1
github.com/Salvionied/apollo/serialization/Value/Value.go:189.8,191.3 1 1
github.com/Salvionied/apollo/serialization/Value/Value.go:206.73,207.22 1 1
github.com/Salvionied/apollo/serialization/Value/Value.go:207.22,211.3 1 1
github.com/Salvionied/apollo/serialization/Value/Value.go:212.2,218.3 1 1
github.com/Salvionied/apollo/serialization/Value/Value.go:231.45,232.20 1 1
github.com/Salvionied/apollo/serialization/Value/Value.go:232.20,234.3 1 1
github.com/Salvionied/apollo/serialization/Value/Value.go:234.8,236.3 1 1
github.com/Salvionied/apollo/serialization/Value/Value.go:249.45,250.20 1 1
github.com/Salvionied/apollo/serialization/Value/Value.go:250.20,252.3 1 1
github.com/Salvionied/apollo/serialization/Value/Value.go:252.8,254.3 1 1
github.com/Salvionied/apollo/serialization/Value/Value.go:267.45,268.20 1 1
github.com/Salvionied/apollo/serialization/Value/Value.go:268.20,270.3 1 1
github.com/Salvionied/apollo/serialization/Value/Value.go:270.8,272.3 1 1
github.com/Salvionied/apollo/serialization/Value/Value.go:283.70,284.20 1 1
github.com/Salvionied/apollo/serialization/Value/Value.go:284.20,288.3 3 1
github.com/Salvionied/apollo/serialization/Value/Value.go:289.2,289.23 1 1
github.com/Salvionied/apollo/serialization/Value/Value.go:300.34,301.19 1 1
github.com/Salvionied/apollo/serialization/Value/Value.go:301.19,303.3 1 1
github.com/Salvionied/apollo/serialization/Value/Value.go:304.2,304.17 1 1
github.com/Salvionied/apollo/serialization/Value/Value.go:315.59,316.19 1 1
github.com/Salvionied/apollo/serialization/Value/Value.go:316.19,318.3 1 1
github.com/Salvionied/apollo/serialization/Value/Value.go:319.2,319.12 1 1
github.com/Salvionied/apollo/serialization/Value/Value.go:333.41,335.21 2 1
github.com/Salvionied/apollo/serialization/Value/Value.go:335.21,336.20 1 1
github.com/Salvionied/apollo/serialization/Value/Value.go:336.20,338.4 1 1
github.com/Salvionied/apollo/serialization/Value/Value.go:338.9,342.4 3 0
github.com/Salvionied/apollo/serialization/Value/Value.go:343.8,344.20 1 1
github.com/Salvionied/apollo/serialization/Value/Value.go:344.20,346.4 1 1
github.com/Salvionied/apollo/serialization/Value/Value.go:346.9,348.4 1 1
github.com/Salvionied/apollo/serialization/Value/Value.go:350.2,350.12 1 1
github.com/Salvionied/apollo/serialization/Value/Value.go:364.41,366.21 2 1
github.com/Salvionied/apollo/serialization/Value/Value.go:366.21,367.20 1 1
github.com/Salvionied/apollo/serialization/Value/Value.go:367.20,369.4 1 1
github.com/Salvionied/apollo/serialization/Value/Value.go:369.9,371.4 1 0
github.com/Salvionied/apollo/serialization/Value/Value.go:372.8,373.20 1 1
github.com/Salvionied/apollo/serialization/Value/Value.go:373.20,375.4 1 1
github.com/Salvionied/apollo/serialization/Value/Value.go:375.9,377.4 1 1
github.com/Salvionied/apollo/serialization/Value/Value.go:379.2,379.12 1 1
github.com/Salvionied/apollo/serialization/Value/Value.go:395.41,398.2 1 1
github.com/Salvionied/apollo/serialization/Value/Value.go:413.42,414.38 1 1
github.com/Salvionied/apollo/serialization/Value/Value.go:414.38,416.3 1 0
github.com/Salvionied/apollo/serialization/Value/Value.go:417.2,417.19 1 1
github.com/Salvionied/apollo/serialization/Value/Value.go:417.19,419.3 1 1
github.com/Salvionied/apollo/serialization/Value/Value.go:419.8,421.3 1 1
github.com/Salvionied/apollo/serialization/Value/Value.go:437.48,439.2 1 1
github.com/Salvionied/apollo/serialization/Value/Value.go:454.44,458.2 1 1
github.com/Salvionied/apollo/serialization/Value/Value.go:473.51,475.2 1 1
github.com/Salvionied/apollo/serialization/Value/Value.go:485.34,486.19 1 0
github.com/Salvionied/apollo/serialization/Value/Value.go:486.19,488.3 1 0
github.com/Salvionied/apollo/serialization/Value/Value.go:488.8,490.3 1 0
github.com/Salvionied/apollo/serialization/Value/Value.go:508.53,511.54 3 1
github.com/Salvionied/apollo/serialization/Value/Value.go:511.54,514.3 2 1
github.com/Salvionied/apollo/serialization/Value/Value.go:514.8,517.17 3 0
github.com/Salvionied/apollo/serialization/Value/Value.go:517.17,519.4 1 0
github.com/Salvionied/apollo/serialization/Value/Value.go:520.3,521.23 2 0
github.com/Salvionied/apollo/serialization/Value/Value.go:523.2,523.12 1 1
github.com/Salvionied/apollo/serialization/Value/Value.go:537.49,538.19 1 1
github.com/Salvionied/apollo/serialization/Value/Value.go:538.19,539.22 1 1
github.com/Salvionied/apollo/serialization/Value/Value.go:539.22,541.4 1 0
github.com/Salvionied/apollo/serialization/Value/Value.go:542.3,543.28 2 1
github.com/Salvionied/apollo/serialization/Value/Value.go:544.8,545.19 1 1
github.com/Salvionied/apollo/serialization/Value/Value.go:545.19,547.4 1 0
github.com/Salvionied/apollo/serialization/Value/Value.go:548.3,548.32 1 1
github.com/Salvionied/apollo/serialization/Value/Value.go:566.42,568.2 1 1
github.com/Salvionied/apollo/serialization/TransactionOutput/TransactionOutput.go:31.66,37.2 1 1
github.com/Salvionied/apollo/serialization/TransactionOutput/TransactionOutput.go:48.52,55.2 1 1
github.com/Salvionied/apollo/serialization/TransactionOutput/TransactionOutput.go:72.68,79.2 1 1
github.com/Salvionied/apollo/serialization/TransactionOutput/TransactionOutput.go:92.53,99.2 1 1
github.com/Salvionied/apollo/serialization/TransactionOutput/TransactionOutput.go:129.72,132.17 3 1
github.com/Salvionied/apollo/serialization/TransactionOutput/TransactionOutput.go:132.17,135.17 3 1
github.com/Salvionied/apollo/serialization/TransactionOutput/TransactionOutput.go:135.17,137.4 1 0
github.com/Salvionied/apollo/serialization/TransactionOutput/TransactionOutput.go:138.3,141.29 4 1
github.com/Salvionied/apollo/serialization/TransactionOutput/TransactionOutput.go:141.29,146.4 2 1
github.com/Salvionied/apollo/serialization/TransactionOutput/TransactionOutput.go:147.8,150.17 3 1
github.com/Salvionied/apollo/serialization/TransactionOutput/TransactionOutput.go:150.17,152.4 1 0
github.com/Salvionied/apollo/serialization/TransactionOutput/TransactionOutput.go:153.3,155.26 3 1
github.com/Salvionied/apollo/serialization/TransactionOutput/TransactionOutput.go:157.2,157.12 1 1
github.com/Salvionied/apollo/serialization/TransactionOutput/TransactionOutput.go:172.68,173.18 1 1
github.com/Salvionied/apollo/serialization/TransactionOutput/TransactionOutput.go:173.18,179.3 5 1
github.com/Salvionied/apollo/serialization/TransactionOutput/TransactionOutput.go:179.8,184.3 4 1
github.com/Salvionied/apollo/serialization/TransactionOutput/TransactionOutput.go:202.55,203.21 1 1
github.com/Salvionied/apollo/serialization/TransactionOutput/TransactionOutput.go:203.21,208.3 1 1
github.com/Salvionied/apollo/serialization/TransactionOutput/TransactionOutput.go:208.8,213.3 1 1
github.com/Salvionied/apollo/serialization/TransactionOutput/TransactionOutput.go:228.68,229.43 1 1
github.com/Salvionied/apollo/serialization/TransactionOutput/TransactionOutput.go:229.43,231.3 1 1
github.com/Salvionied/apollo/serialization/TransactionOutput/TransactionOutput.go:232.2,232.21 1 1
github.com/Salvionied/apollo/serialization/TransactionOutput/TransactionOutput.go:232.21,241.3 4 1
github.com/Salvionied/apollo/serialization/TransactionOutput/TransactionOutput.go:241.8,246.3 4 1
github.com/Salvionied/apollo/serialization/TransactionOutput/TransactionOutput.go:257.54,258.21 1 1
github.com/Salvionied/apollo/serialization/TransactionOutput/TransactionOutput.go:258.21,260.3 1 1
github.com/Salvionied/apollo/serialization/TransactionOutput/TransactionOutput.go:260.8,262.3 1 1
github.com/Salvionied/apollo/serialization/TransactionOutput/TransactionOutput.go:280.21,289.2 1 1
github.com/Salvionied/apollo/serialization/TransactionOutput/TransactionOutput.go:301.69,302.21 1 1
github.com/Salvionied/apollo/serialization/TransactionOutput/TransactionOutput.go:302.21,305.3 2 1
github.com/Salvionied/apollo/serialization/TransactionOutput/TransactionOutput.go:305.8,307.17 2 1
github.com/Salvionied/apollo/serialization/TransactionOutput/TransactionOutput.go:307.17,309.4 1 0
github.com/Salvionied/apollo/serialization/TransactionOutput/TransactionOutput.go:310.3,311.31 2 1
github.com/Salvionied/apollo/serialization/TransactionOutput/TransactionOutput.go:323.59,324.21 1 1
github.com/Salvionied/apollo/serialization/TransactionOutput/TransactionOutput.go:324.21,326.3 1 1
github.com/Salvionied/apollo/serialization/TransactionOutput/TransactionOutput.go:326.8,328.3 1 1
github.com/Salvionied/apollo/serialization/TransactionOutput/TransactionOutput.go:339.67,340.21 1 0
github.com/Salvionied/apollo/serialization/TransactionOutput/TransactionOutput.go:340.21,342.3 1 0
github.com/Salvionied/apollo/serialization/TransactionOutput/TransactionOutput.go:342.8,344.3 1 0
github.com/Salvionied/apollo/serialization/TransactionOutput/TransactionOutput.go:355.70,356.21 1 1
github.com/Salvionied/apollo/serialization/TransactionOutput/TransactionOutput.go:356.21,358.3 1 1
github.com/Salvionied/apollo/serialization/TransactionOutput/TransactionOutput.go:358.8,360.3 1 1
github.com/Salvionied/apollo/serialization/TransactionOutput/TransactionOutput.go:373.64,374.21 1 1
github.com/Salvionied/apollo/serialization/TransactionOutput/TransactionOutput.go:374.21,375.48 1 1
github.com/Salvionied/apollo/serialization/TransactionOutput/TransactionOutput.go:376.33,377.14 1 0
github.com/Salvionied/apollo/serialization/TransactionOutput/TransactionOutput.go:378.35,379.19 1 1
github.com/Salvionied/apollo/serialization/TransactionOutput/TransactionOutput.go:380.11,381.14 1 0
github.com/Salvionied/apollo/serialization/TransactionOutput/TransactionOutput.go:383.8,385.3 1 1
github.com/Salvionied/apollo/serialization/TransactionOutput/TransactionOutput.go:388.71,389.21 1 0
github.com/Salvionied/apollo/serialization/TransactionOutput/TransactionOutput.go:389.21,391.3 1 0
github.com/Salvionied/apollo/serialization/TransactionOutput/TransactionOutput.go:391.8,394.3 2 0
github.com/Salvionied/apollo/serialization/TransactionOutput/TransactionOutput.go:404.67,405.21 1 0
github.com/Salvionied/apollo/serialization/TransactionOutput/TransactionOutput.go:405.21,407.3 1 0
github.com/Salvionied/apollo/serialization/TransactionOutput/TransactionOutput.go:407.8,409.3 1 0
github.com/Salvionied/apollo/serialization/TransactionOutput/TransactionOutput.go:420.53,421.21 1 1
github.com/Salvionied/apollo/serialization/TransactionOutput/TransactionOutput.go:421.21,423.3 1 1
github.com/Salvionied/apollo/serialization/TransactionOutput/TransactionOutput.go:423.8,425.3 1 1
github.com/Salvionied/apollo/serialization/TransactionOutput/TransactionOutput.go:436.47,437.21 1 1
github.com/Salvionied/apollo/serialization/TransactionOutput/TransactionOutput.go:437.21,438.37 1 1
github.com/Salvionied/apollo/serialization/TransactionOutput/TransactionOutput.go:438.37,440.4 1 1
github.com/Salvionied/apollo/serialization/TransactionOutput/TransactionOutput.go:440.9,442.4 1 1
github.com/Salvionied/apollo/serialization/TransactionOutput/TransactionOutput.go:443.8,444.36 1 1
github.com/Salvionied/apollo/serialization/TransactionOutput/TransactionOutput.go:444.36,446.4 1 1
github.com/Salvionied/apollo/serialization/TransactionOutput/TransactionOutput.go:446.9,448.4 1 1
github.com/Salvionied/apollo/serialization/TransactionOutput/TransactionOutput.go:460.46,461.22 1 1
github.com/Salvionied/apollo/serialization/TransactionOutput/TransactionOutput.go:461.22,463.3 1 1
github.com/Salvionied/apollo/serialization/TransactionOutput/TransactionOutput.go:463.8,465.3 1 0
github.com/Salvionied/apollo/serialization/TransactionOutput/TransactionOutput.go:484.65,487.52 3 1
github.com/Salvionied/apollo/serialization/TransactionOutput/TransactionOutput.go:487.52,490.17 3 1
github.com/Salvionied/apollo/serialization/TransactionOutput/TransactionOutput.go:490.17,492.4 1 0
github.com/Salvionied/apollo/serialization/TransactionOutput/TransactionOutput.go:494.8,497.17 3 1
github.com/Salvionied/apollo/serialization/TransactionOutput/TransactionOutput.go:497.17,499.4 1 0
github.com/Salvionied/apollo/serialization/TransactionOutput/TransactionOutput.go:501.2,501.12 1 1
github.com/Salvionied/apollo/serialization/TransactionOutput/TransactionOutput.go:516.61,517.22 1 1
github.com/Salvionied/apollo/serialization/TransactionOutput/TransactionOutput.go:517.22,519.3 1 1
github.com/Salvionied/apollo/serialization/TransactionOutput/TransactionOutput.go:519.8,521.3 1 1
github.com/Salvionied/apollo/serialization/TransactionOutput/TransactionOutput.go:533.61,534.22 1 1
github.com/Salvionied/apollo/serialization/TransactionOutput/TransactionOutput.go:534.22,536.3 1 1
github.com/Salvionied/apollo/serialization/TransactionOutput/TransactionOutput.go:536.8,538.3 1 1
github.com/Salvionied/apollo/serialization/Transaction/Transaction.go:31.48,33.16 2 1
github.com/Salvionied/apollo/serialization/Transaction/Transaction.go:33.16,35.3 1 0
github.com/Salvionied/apollo/serialization/Transaction/Transaction.go:36.2,36.21 1 1
github.com/Salvionied/apollo/serialization/Transaction/Transaction.go:47.57,50.2 2 1
github.com/Salvionied/apollo/plutusencoder/customtypes.go:22.61,24.33 2 1
github.com/Salvionied/apollo/plutusencoder/customtypes.go:24.33,26.27 2 1
github.com/Salvionied/apollo/plutusencoder/customtypes.go:26.27,31.4 1 1
github.com/Salvionied/apollo/plutusencoder/customtypes.go:32.3,35.4 1 1
github.com/Salvionied/apollo/plutusencoder/customtypes.go:37.2,41.18 2 1
github.com/Salvionied/apollo/plutusencoder/customtypes.go:45.56,48.30 3 1
github.com/Salvionied/apollo/plutusencoder/customtypes.go:48.30,51.30 3 1
github.com/Salvionied/apollo/plutusencoder/customtypes.go:51.30,53.11 2 1
github.com/Salvionied/apollo/plutusencoder/customtypes.go:53.11,56.12 2 1
github.com/Salvionied/apollo/plutusencoder/customtypes.go:56.12,57.49 1 0
github.com/Salvionied/apollo/plutusencoder/customtypes.go:59.5,59.17 1 1
github.com/Salvionied/apollo/plutusencoder/customtypes.go:62.4,62.16 1 1
github.com/Salvionied/apollo/plutusencoder/customtypes.go:64.3,64.22 1 1
github.com/Salvionied/apollo/plutusencoder/customtypes.go:66.2,66.15 1 1
github.com/Salvionied/apollo/plutusencoder/customtypes.go:71.35,72.29 1 1
[...]
github.com/Salvionied/apollo/txBuilding/Backend/UtxorpcChainContext/UtxorpcChainContext.go:316.61,318.44 2 0
github.com/Salvionied/apollo/txBuilding/Backend/UtxorpcChainContext/UtxorpcChainContext.go:318.44,325.5 3 0
github.com/Salvionied/apollo/txBuilding/Backend/UtxorpcChainContext/UtxorpcChainContext.go:328.2,328.20 1 0
github.com/Salvionied/apollo/txBuilding/Backend/UtxorpcChainContext/UtxorpcChainContext.go:331.52,333.16 2 0
github.com/Salvionied/apollo/txBuilding/Backend/UtxorpcChainContext/UtxorpcChainContext.go:333.16,335.3 1 0
github.com/Salvionied/apollo/txBuilding/Backend/UtxorpcChainContext/UtxorpcChainContext.go:336.2,338.21 3 0
github.com/Salvionied/apollo/txBuilding/Backend/UtxorpcChainContext/UtxorpcChainContext.go:338.21,340.3 1 0
github.com/Salvionied/apollo/txBuilding/Backend/UtxorpcChainContext/UtxorpcChainContext.go:341.2,342.19 2 0
github.com/Salvionied/apollo/txBuilding/Backend/UtxorpcChainContext/UtxorpcChainContext.go:345.55,347.16 2 1
github.com/Salvionied/apollo/txBuilding/Backend/UtxorpcChainContext/UtxorpcChainContext.go:347.16,349.3 1 0
github.com/Salvionied/apollo/txBuilding/Backend/UtxorpcChainContext/UtxorpcChainContext.go:350.2,351.16 2 1
github.com/Salvionied/apollo/txBuilding/Backend/UtxorpcChainContext/UtxorpcChainContext.go:351.16,353.3 1 0
github.com/Salvionied/apollo/txBuilding/Backend/UtxorpcChainContext/UtxorpcChainContext.go:354.2,355.16 2 1
github.com/Salvionied/apollo/txBuilding/Backend/UtxorpcChainContext/UtxorpcChainContext.go:355.16,357.3 1 0
github.com/Salvionied/apollo/txBuilding/Backend/UtxorpcChainContext/UtxorpcChainContext.go:358.2,358.72 1 1
github.com/Salvionied/apollo/txBuilding/Backend/UtxorpcChainContext/UtxorpcChainContext.go:361.60,365.16 2 0
github.com/Salvionied/apollo/txBuilding/Backend/UtxorpcChainContext/UtxorpcChainContext.go:365.16,367.3 1 0
github.com/Salvionied/apollo/txBuilding/Backend/UtxorpcChainContext/UtxorpcChainContext.go:368.2,368.57 1 0
github.com/Salvionied/apollo/txBuilding/Backend/UtxorpcChainContext/UtxorpcChainContext.go:373.24,375.16 2 0
github.com/Salvionied/apollo/txBuilding/Backend/UtxorpcChainContext/UtxorpcChainContext.go:375.16,377.3 1 0
github.com/Salvionied/apollo/txBuilding/Backend/UtxorpcChainContext/UtxorpcChainContext.go:379.2,380.16 2 0
github.com/Salvionied/apollo/txBuilding/Backend/UtxorpcChainContext/UtxorpcChainContext.go:380.16,382.3 1 0
github.com/Salvionied/apollo/txBuilding/Backend/UtxorpcChainContext/UtxorpcChainContext.go:384.2,385.38 2 0
github.com/Salvionied/apollo/txBuilding/Backend/UtxorpcChainContext/UtxorpcChainContext.go:385.38,393.17 5 0
github.com/Salvionied/apollo/txBuilding/Backend/UtxorpcChainContext/UtxorpcChainContext.go:393.17,395.4 1 0
github.com/Salvionied/apollo/txBuilding/Backend/UtxorpcChainContext/UtxorpcChainContext.go:396.3,397.29 2 0
github.com/Salvionied/apollo/txBuilding/Backend/UtxorpcChainContext/UtxorpcChainContext.go:399.2,399.17 1 0
github.com/Salvionied/apollo/txBuilding/Backend/UtxorpcChainContext/UtxorpcChainContext.go:404.40,406.16 2 1
github.com/Salvionied/apollo/txBuilding/Backend/UtxorpcChainContext/UtxorpcChainContext.go:406.16,411.3 1 0
github.com/Salvionied/apollo/txBuilding/Backend/UtxorpcChainContext/UtxorpcChainContext.go:413.2,414.16 2 1
github.com/Salvionied/apollo/txBuilding/Backend/UtxorpcChainContext/UtxorpcChainContext.go:414.16,419.3 1 1
github.com/Salvionied/apollo/txBuilding/Backend/UtxorpcChainContext/UtxorpcChainContext.go:421.2,421.69 1 0
github.com/Salvionied/apollo/txBuilding/Backend/OgmiosChainContext/OgmiosChainContext.go:50.22,56.2 2 1
github.com/Salvionied/apollo/txBuilding/Backend/OgmiosChainContext/OgmiosChainContext.go:58.39,67.2 6 1
github.com/Salvionied/apollo/txBuilding/Backend/OgmiosChainContext/OgmiosChainContext.go:71.32,72.17 1 0
github.com/Salvionied/apollo/txBuilding/Backend/OgmiosChainContext/OgmiosChainContext.go:72.17,74.3 1 0
github.com/Salvionied/apollo/txBuilding/Backend/OgmiosChainContext/OgmiosChainContext.go:75.2,76.32 2 0
github.com/Salvionied/apollo/txBuilding/Backend/OgmiosChainContext/OgmiosChainContext.go:76.32,78.34 2 0
github.com/Salvionied/apollo/txBuilding/Backend/OgmiosChainContext/OgmiosChainContext.go:78.34,81.4 2 0
github.com/Salvionied/apollo/txBuilding/Backend/OgmiosChainContext/OgmiosChainContext.go:82.3,86.28 3 0
github.com/Salvionied/apollo/txBuilding/Backend/OgmiosChainContext/OgmiosChainContext.go:88.2,88.17 1 0
github.com/Salvionied/apollo/txBuilding/Backend/OgmiosChainContext/OgmiosChainContext.go:91.61,93.16 2 0
github.com/Salvionied/apollo/txBuilding/Backend/OgmiosChainContext/OgmiosChainContext.go:93.16,99.3 1 0
github.com/Salvionied/apollo/txBuilding/Backend/OgmiosChainContext/OgmiosChainContext.go:100.2,107.3 1 0
github.com/Salvionied/apollo/txBuilding/Backend/OgmiosChainContext/OgmiosChainContext.go:110.72,111.13 1 0
github.com/Salvionied/apollo/txBuilding/Backend/OgmiosChainContext/OgmiosChainContext.go:111.13,113.17 2 0
github.com/Salvionied/apollo/txBuilding/Backend/OgmiosChainContext/OgmiosChainContext.go:113.17,119.4 1 0
github.com/Salvionied/apollo/txBuilding/Backend/OgmiosChainContext/OgmiosChainContext.go:120.3,122.17 3 0
github.com/Salvionied/apollo/txBuilding/Backend/OgmiosChainContext/OgmiosChainContext.go:122.17,128.4 1 0
github.com/Salvionied/apollo/txBuilding/Backend/OgmiosChainContext/OgmiosChainContext.go:129.3,130.14 2 0
github.com/Salvionied/apollo/txBuilding/Backend/OgmiosChainContext/OgmiosChainContext.go:132.2,132.14 1 0
github.com/Salvionied/apollo/txBuilding/Backend/OgmiosChainContext/OgmiosChainContext.go:132.14,134.17 2 0
github.com/Salvionied/apollo/txBuilding/Backend/OgmiosChainContext/OgmiosChainContext.go:134.17,140.4 1 0
github.com/Salvionied/apollo/txBuilding/Backend/OgmiosChainContext/OgmiosChainContext.go:141.3,142.14 2 0
github.com/Salvionied/apollo/txBuilding/Backend/OgmiosChainContext/OgmiosChainContext.go:144.2,144.12 1 0
github.com/Salvionied/apollo/txBuilding/Backend/OgmiosChainContext/OgmiosChainContext.go:149.34,150.22 1 0
github.com/Salvionied/apollo/txBuilding/Backend/OgmiosChainContext/OgmiosChainContext.go:150.22,152.3 1 0
github.com/Salvionied/apollo/txBuilding/Backend/OgmiosChainContext/OgmiosChainContext.go:153.2,157.57 2 0
github.com/Salvionied/apollo/txBuilding/Backend/OgmiosChainContext/OgmiosChainContext.go:157.57,159.3 1 0
github.com/Salvionied/apollo/txBuilding/Backend/OgmiosChainContext/OgmiosChainContext.go:160.2,161.16 2 0
github.com/Salvionied/apollo/txBuilding/Backend/OgmiosChainContext/OgmiosChainContext.go:161.16,163.3 1 0
github.com/Salvionied/apollo/txBuilding/Backend/OgmiosChainContext/OgmiosChainContext.go:164.2,165.18 2 0
github.com/Salvionied/apollo/txBuilding/Backend/OgmiosChainContext/OgmiosChainContext.go:168.51,170.16 2 0
github.com/Salvionied/apollo/txBuilding/Backend/OgmiosChainContext/OgmiosChainContext.go:170.16,172.3 1 0
github.com/Salvionied/apollo/txBuilding/Backend/OgmiosChainContext/OgmiosChainContext.go:173.2,174.16 2 0
github.com/Salvionied/apollo/txBuilding/Backend/OgmiosChainContext/OgmiosChainContext.go:174.16,176.3 1 0
github.com/Salvionied/apollo/txBuilding/Backend/OgmiosChainContext/OgmiosChainContext.go:177.2,180.16 4 0
github.com/Salvionied/apollo/txBuilding/Backend/OgmiosChainContext/OgmiosChainContext.go:180.16,182.3 1 0
github.com/Salvionied/apollo/txBuilding/Backend/OgmiosChainContext/OgmiosChainContext.go:183.2,198.3 1 0
github.com/Salvionied/apollo/txBuilding/Backend/OgmiosChainContext/OgmiosChainContext.go:204.23,212.16 3 1
github.com/Salvionied/apollo/txBuilding/Backend/OgmiosChainContext/OgmiosChainContext.go:212.16,214.3 1 0
github.com/Salvionied/apollo/txBuilding/Backend/OgmiosChainContext/OgmiosChainContext.go:215.2,215.21 1 1
github.com/Salvionied/apollo/txBuilding/Backend/OgmiosChainContext/OgmiosChainContext.go:215.21,217.3 1 1
github.com/Salvionied/apollo/txBuilding/Backend/OgmiosChainContext/OgmiosChainContext.go:217.8,220.3 2 0
github.com/Salvionied/apollo/txBuilding/Backend/OgmiosChainContext/OgmiosChainContext.go:223.75,229.54 3 0
github.com/Salvionied/apollo/txBuilding/Backend/OgmiosChainContext/OgmiosChainContext.go:229.54,230.45 1 0
github.com/Salvionied/apollo/txBuilding/Backend/OgmiosChainContext/OgmiosChainContext.go:230.45,235.4 1 0
github.com/Salvionied/apollo/txBuilding/Backend/OgmiosChainContext/OgmiosChainContext.go:237.2,237.13 1 0
github.com/Salvionied/apollo/txBuilding/Backend/OgmiosChainContext/OgmiosChainContext.go:240.57,242.34 2 0
github.com/Salvionied/apollo/txBuilding/Backend/OgmiosChainContext/OgmiosChainContext.go:242.34,243.38 1 0
github.com/Salvionied/apollo/txBuilding/Backend/OgmiosChainContext/OgmiosChainContext.go:243.38,244.38 1 0
github.com/Salvionied/apollo/txBuilding/Backend/OgmiosChainContext/OgmiosChainContext.go:244.38,246.5 1 0
github.com/Salvionied/apollo/txBuilding/Backend/OgmiosChainContext/OgmiosChainContext.go:247.4,247.37 1 0
github.com/Salvionied/apollo/txBuilding/Backend/OgmiosChainContext/OgmiosChainContext.go:250.2,250.15 1 0
github.com/Salvionied/apollo/txBuilding/Backend/OgmiosChainContext/OgmiosChainContext.go:253.74,256.2 1 0
github.com/Salvionied/apollo/txBuilding/Backend/OgmiosChainContext/OgmiosChainContext.go:258.68,263.17 5 0
github.com/Salvionied/apollo/txBuilding/Backend/OgmiosChainContext/OgmiosChainContext.go:263.17,265.27 2 0
github.com/Salvionied/apollo/txBuilding/Backend/OgmiosChainContext/OgmiosChainContext.go:265.27,272.4 1 0
github.com/Salvionied/apollo/txBuilding/Backend/OgmiosChainContext/OgmiosChainContext.go:273.3,274.41 2 0
github.com/Salvionied/apollo/txBuilding/Backend/OgmiosChainContext/OgmiosChainContext.go:274.41,276.4 1 0
github.com/Salvionied/apollo/txBuilding/Backend/OgmiosChainContext/OgmiosChainContext.go:277.3,277.24 1 0
github.com/Salvionied/apollo/txBuilding/Backend/OgmiosChainContext/OgmiosChainContext.go:277.24,289.4 3 0
github.com/Salvionied/apollo/txBuilding/Backend/OgmiosChainContext/OgmiosChainContext.go:291.2,291.13 1 0
github.com/Salvionied/apollo/txBuilding/Backend/OgmiosChainContext/OgmiosChainContext.go:295.57,298.16 3 0
github.com/Salvionied/apollo/txBuilding/Backend/OgmiosChainContext/OgmiosChainContext.go:298.16,303.3 1 0
github.com/Salvionied/apollo/txBuilding/Backend/OgmiosChainContext/OgmiosChainContext.go:304.2,305.9 2 0
github.com/Salvionied/apollo/txBuilding/Backend/OgmiosChainContext/OgmiosChainContext.go:305.9,307.3 1 0
github.com/Salvionied/apollo/txBuilding/Backend/OgmiosChainContext/OgmiosChainContext.go:308.2,311.3 1 0
github.com/Salvionied/apollo/txBuilding/Backend/OgmiosChainContext/OgmiosChainContext.go:314.57,317.16 3 1
github.com/Salvionied/apollo/txBuilding/Backend/OgmiosChainContext/OgmiosChainContext.go:317.16,322.3 1 0
github.com/Salvionied/apollo/txBuilding/Backend/OgmiosChainContext/OgmiosChainContext.go:323.2,325.3 1 1
github.com/Salvionied/apollo/txBuilding/Backend/OgmiosChainContext/OgmiosChainContext.go:331.22,339.16 4 0
github.com/Salvionied/apollo/txBuilding/Backend/OgmiosChainContext/OgmiosChainContext.go:339.16,341.3 1 0
github.com/Salvionied/apollo/txBuilding/Backend/OgmiosChainContext/OgmiosChainContext.go:342.2,342.32 1 0
github.com/Salvionied/apollo/txBuilding/Backend/OgmiosChainContext/OgmiosChainContext.go:342.32,344.34 2 0
github.com/Salvionied/apollo/txBuilding/Backend/OgmiosChainContext/OgmiosChainContext.go:344.34,346.18 2 0
github.com/Salvionied/apollo/txBuilding/Backend/OgmiosChainContext/OgmiosChainContext.go:346.18,351.5 1 0
github.com/Salvionied/apollo/txBuilding/Backend/OgmiosChainContext/OgmiosChainContext.go:353.3,363.5 1 0
github.com/Salvionied/apollo/txBuilding/Backend/OgmiosChainContext/OgmiosChainContext.go:365.2,365.21 1 0
github.com/Salvionied/apollo/txBuilding/Backend/OgmiosChainContext/OgmiosChainContext.go:382.52,384.12 2 1
github.com/Salvionied/apollo/txBuilding/Backend/OgmiosChainContext/OgmiosChainContext.go:384.12,386.3 1 0
github.com/Salvionied/apollo/txBuilding/Backend/OgmiosChainContext/OgmiosChainContext.go:387.2,388.16 2 1
github.com/Salvionied/apollo/txBuilding/Backend/OgmiosChainContext/OgmiosChainContext.go:388.16,390.3 1 0
github.com/Salvionied/apollo/txBuilding/Backend/OgmiosChainContext/OgmiosChainContext.go:391.2,392.16 2 1
github.com/Salvionied/apollo/txBuilding/Backend/OgmiosChainContext/OgmiosChainContext.go:392.16,394.3 1 0
github.com/Salvionied/apollo/txBuilding/Backend/OgmiosChainContext/OgmiosChainContext.go:395.2,395.18 1 1
github.com/Salvionied/apollo/txBuilding/Backend/OgmiosChainContext/OgmiosChainContext.go:398.48,404.16 3 1
github.com/Salvionied/apollo/txBuilding/Backend/OgmiosChainContext/OgmiosChainContext.go:404.16,406.3 1 0
github.com/Salvionied/apollo/txBuilding/Backend/OgmiosChainContext/OgmiosChainContext.go:407.2,408.16 2 1
github.com/Salvionied/apollo/txBuilding/Backend/OgmiosChainContext/OgmiosChainContext.go:408.16,410.3 1 0
github.com/Salvionied/apollo/txBuilding/Backend/OgmiosChainContext/OgmiosChainContext.go:411.2,413.16 3 1
github.com/Salvionied/apollo/txBuilding/Backend/OgmiosChainContext/OgmiosChainContext.go:413.16,415.3 1 0
github.com/Salvionied/apollo/txBuilding/Backend/OgmiosChainContext/OgmiosChainContext.go:416.2,417.12 2 1
github.com/Salvionied/apollo/txBuilding/Backend/OgmiosChainContext/OgmiosChainContext.go:464.30,466.9 2 1
github.com/Salvionied/apollo/txBuilding/Backend/OgmiosChainContext/OgmiosChainContext.go:466.9,468.3 1 0
github.com/Salvionied/apollo/txBuilding/Backend/OgmiosChainContext/OgmiosChainContext.go:469.2,470.16 2 1
github.com/Salvionied/apollo/txBuilding/Backend/OgmiosChainContext/OgmiosChainContext.go:470.16,472.3 1 0
github.com/Salvionied/apollo/txBuilding/Backend/OgmiosChainContext/OgmiosChainContext.go:473.2,474.16 2 1
github.com/Salvionied/apollo/txBuilding/Backend/OgmiosChainContext/OgmiosChainContext.go:474.16,476.3 1 0
github.com/Salvionied/apollo/txBuilding/Backend/OgmiosChainContext/OgmiosChainContext.go:477.2,477.36 1 1
github.com/Salvionied/apollo/txBuilding/Backend/OgmiosChainContext/OgmiosChainContext.go:480.76,483.16 3 1
github.com/Salvionied/apollo/txBuilding/Backend/OgmiosChainContext/OgmiosChainContext.go:483.16,488.3 1 0
github.com/Salvionied/apollo/txBuilding/Backend/OgmiosChainContext/OgmiosChainContext.go:489.2,490.63 2 1
github.com/Salvionied/apollo/txBuilding/Backend/OgmiosChainContext/OgmiosChainContext.go:490.63,495.3 1 0
github.com/Salvionied/apollo/txBuilding/Backend/OgmiosChainContext/OgmiosChainContext.go:497.2,576.3 1 1
github.com/Salvionied/apollo/txBuilding/Backend/OgmiosChainContext/OgmiosChainContext.go:579.71,583.2 2 1
github.com/Salvionied/apollo/txBuilding/Backend/OgmiosChainContext/OgmiosChainContext.go:584.60,585.55 1 1
github.com/Salvionied/apollo/txBuilding/Backend/OgmiosChainContext/OgmiosChainContext.go:585.55,589.3 3 1
github.com/Salvionied/apollo/txBuilding/Backend/OgmiosChainContext/OgmiosChainContext.go:590.2,590.14 1 0
github.com/Salvionied/apollo/txBuilding/Backend/OgmiosChainContext/OgmiosChainContext.go:593.46,595.2 1 0
github.com/Salvionied/apollo/txBuilding/Backend/OgmiosChainContext/OgmiosChainContext.go:597.53,598.32 1 0
github.com/Salvionied/apollo/txBuilding/Backend/OgmiosChainContext/OgmiosChainContext.go:598.32,601.3 2 0
github.com/Salvionied/apollo/txBuilding/Backend/OgmiosChainContext/OgmiosChainContext.go:602.2,602.24 1 0
github.com/Salvionied/apollo/txBuilding/Backend/OgmiosChainContext/OgmiosChainContext.go:606.61,609.2 2 0
github.com/Salvionied/apollo/txBuilding/Backend/OgmiosChainContext/OgmiosChainContext.go:611.83,612.32 1 0
github.com/Salvionied/apollo/txBuilding/Backend/OgmiosChainContext/OgmiosChainContext.go:612.32,615.3 2 0
github.com/Salvionied/apollo/txBuilding/Backend/OgmiosChainContext/OgmiosChainContext.go:616.2,616.32 1 0
github.com/Salvionied/apollo/txBuilding/Backend/OgmiosChainContext/OgmiosChainContext.go:619.85,620.32 1 1
github.com/Salvionied/apollo/txBuilding/Backend/OgmiosChainContext/OgmiosChainContext.go:620.32,623.3 2 1
github.com/Salvionied/apollo/txBuilding/Backend/OgmiosChainContext/OgmiosChainContext.go:624.2,624.33 1 1
github.com/Salvionied/apollo/txBuilding/Backend/OgmiosChainContext/OgmiosChainContext.go:627.56,632.2 4 1
github.com/Salvionied/apollo/txBuilding/Backend/OgmiosChainContext/OgmiosChainContext.go:638.24,641.33 3 0
github.com/Salvionied/apollo/txBuilding/Backend/OgmiosChainContext/OgmiosChainContext.go:641.33,650.31 6 0
github.com/Salvionied/apollo/txBuilding/Backend/OgmiosChainContext/OgmiosChainContext.go:650.31,651.31 1 0
github.com/Salvionied/apollo/txBuilding/Backend/OgmiosChainContext/OgmiosChainContext.go:651.31,653.19 2 0
github.com/Salvionied/apollo/txBuilding/Backend/OgmiosChainContext/OgmiosChainContext.go:653.19,655.6 1 0
github.com/Salvionied/apollo/txBuilding/Backend/OgmiosChainContext/OgmiosChainContext.go:656.5,656.30 1 0
github.com/Salvionied/apollo/txBuilding/Backend/OgmiosChainContext/OgmiosChainContext.go:657.10,659.19 2 0
github.com/Salvionied/apollo/txBuilding/Backend/OgmiosChainContext/OgmiosChainContext.go:659.19,661.6 1 0
github.com/Salvionied/apollo/txBuilding/Backend/OgmiosChainContext/OgmiosChainContext.go:662.5,665.12 4 0
github.com/Salvionied/apollo/txBuilding/Backend/OgmiosChainContext/OgmiosChainContext.go:665.12,667.6 1 0
github.com/Salvionied/apollo/txBuilding/Backend/OgmiosChainContext/OgmiosChainContext.go:668.5,668.64 1 0
github.com/Salvionied/apollo/txBuilding/Backend/OgmiosChainContext/OgmiosChainContext.go:671.3,672.28 2 0
github.com/Salvionied/apollo/txBuilding/Backend/OgmiosChainContext/OgmiosChainContext.go:672.28,680.4 1 0
github.com/Salvionied/apollo/txBuilding/Backend/OgmiosChainContext/OgmiosChainContext.go:680.9,682.4 1 0
github.com/Salvionied/apollo/txBuilding/Backend/OgmiosChainContext/OgmiosChainContext.go:683.3,684.56 2 0
github.com/Salvionied/apollo/txBuilding/Backend/OgmiosChainContext/OgmiosChainContext.go:684.56,688.4 2 0
github.com/Salvionied/apollo/txBuilding/Backend/OgmiosChainContext/OgmiosChainContext.go:689.3,690.31 2 0
github.com/Salvionied/apollo/txBuilding/Backend/OgmiosChainContext/OgmiosChainContext.go:690.31,692.18 2 0
github.com/Salvionied/apollo/txBuilding/Backend/OgmiosChainContext/OgmiosChainContext.go:692.18,694.5 1 0
github.com/Salvionied/apollo/txBuilding/Backend/OgmiosChainContext/OgmiosChainContext.go:695.4,697.18 3 0
github.com/Salvionied/apollo/txBuilding/Backend/OgmiosChainContext/OgmiosChainContext.go:697.18,699.5 1 0
github.com/Salvionied/apollo/txBuilding/Backend/OgmiosChainContext/OgmiosChainContext.go:700.4,706.5 2 0
github.com/Salvionied/apollo/txBuilding/Backend/OgmiosChainContext/OgmiosChainContext.go:707.9,713.4 1 0
github.com/Salvionied/apollo/txBuilding/Backend/OgmiosChainContext/OgmiosChainContext.go:714.3,714.65 1 0
github.com/Salvionied/apollo/txBuilding/Backend/OgmiosChainContext/OgmiosChainContext.go:716.2,716.19 1 0
github.com/Salvionied/apollo/txBuilding/Backend/OgmiosChainContext/OgmiosChainContext.go:721.40,724.16 3 0
github.com/Salvionied/apollo/txBuilding/Backend/OgmiosChainContext/OgmiosChainContext.go:724.16,726.3 1 0
github.com/Salvionied/apollo/txBuilding/Backend/OgmiosChainContext/OgmiosChainContext.go:727.2,728.16 2 0
github.com/Salvionied/apollo/txBuilding/Backend/OgmiosChainContext/OgmiosChainContext.go:728.16,730.3 1 0
github.com/Salvionied/apollo/txBuilding/Backend/OgmiosChainContext/OgmiosChainContext.go:731.2,732.18 2 0
github.com/Salvionied/apollo/txBuilding/Backend/OgmiosChainContext/OgmiosChainContext.go:738.47,742.16 4 1
github.com/Salvionied/apollo/txBuilding/Backend/OgmiosChainContext/OgmiosChainContext.go:742.16,744.3 1 0
github.com/Salvionied/apollo/txBuilding/Backend/OgmiosChainContext/OgmiosChainContext.go:745.2,745.33 1 1
github.com/Salvionied/apollo/txBuilding/Backend/OgmiosChainContext/OgmiosChainContext.go:745.33,750.3 1 0
github.com/Salvionied/apollo/txBuilding/Backend/OgmiosChainContext/OgmiosChainContext.go:751.2,751.26 1 1
github.com/Salvionied/apollo/txBuilding/Backend/OgmiosChainContext/OgmiosChainContext.go:757.19,760.2 1 0
